Log file open, 11/02/17 17:46:43
LogWindows: Failed to load 'aqProf.dll' (GetLastError=126)
LogWindows: File 'aqProf.dll' does not exist
LogWindows: Failed to load 'VtuneApi.dll' (GetLastError=126)
LogWindows: File 'VtuneApi.dll' does not exist
LogWindows: Failed to load 'VtuneApi32e.dll' (GetLastError=126)
LogWindows: File 'VtuneApi32e.dll' does not exist
LogInit: Display: Running engine for game: Stoopid_FPS
LogPlatformFile: Not using cached read wrapper
LogInit: Display: RandInit(1437153074) SRandInit(1437153074).
LogInit: Read version file with build ID '3709383'
LogInit: Overriding engine version to CL 3709383, compatible CL 3709383
LogInit: Registered custom module enumerator with build ID '3709383'
LogTaskGraph: Started task graph with 5 named threads and 14 total threads with 3 sets of task threads.
LogStats: Stats thread started at 2.603343
LogD3D11RHI: Aftermath initialized
LogPluginManager: Mounting plugin Paper2D
LogPluginManager: Mounting plugin LightPropagationVolume
LogPluginManager: Mounting plugin CodeLiteSourceCodeAccess
LogPluginManager: Mounting plugin GitSourceControl
LogPluginManager: Mounting plugin KDevelopSourceCodeAccess
LogPluginManager: Mounting plugin NullSourceCodeAccess
LogPluginManager: Mounting plugin PerforceSourceControl
LogPluginManager: Mounting plugin SubversionSourceControl
LogPluginManager: Mounting plugin UObjectPlugin
LogPluginManager: Mounting plugin VisualStudioCodeSourceCodeAccess
LogPluginManager: Mounting plugin VisualStudioSourceCodeAccess
LogPluginManager: Mounting plugin XCodeSourceCodeAccess
LogPluginManager: Mounting plugin AssetManagerEditor
LogPluginManager: Mounting plugin AudioCapture
LogPluginManager: Mounting plugin FacialAnimation
LogPluginManager: Mounting plugin GameplayTagsEditor
LogPluginManager: Mounting plugin MobileLauncherProfileWizard
LogPluginManager: Mounting plugin PluginBrowser
LogPluginManager: Mounting plugin SpeedTreeImporter
LogPluginManager: Mounting plugin AlembicImporter
LogPluginManager: Mounting plugin CharacterAI
LogPluginManager: Mounting plugin HTML5Networking
LogPluginManager: Mounting plugin AndroidMedia
LogPluginManager: Mounting plugin AvfMedia
LogPluginManager: Mounting plugin ImgMedia
LogPluginManager: Mounting plugin MediaCompositing
LogPluginManager: Mounting plugin MediaPlayerEditor
LogPluginManager: Mounting plugin WmfMedia
LogPluginManager: Mounting plugin TcpMessaging
LogPluginManager: Mounting plugin UdpMessaging
LogPluginManager: Mounting plugin ActorSequence
LogPluginManager: Mounting plugin LevelSequenceEditor
LogPluginManager: Mounting plugin MatineeToLevelSequence
LogPluginManager: Mounting plugin OnlineSubsystemGooglePlay
LogPluginManager: Mounting plugin OnlineSubsystemIOS
LogPluginManager: Mounting plugin OnlineSubsystem
LogPluginManager: Mounting plugin OnlineSubsystemNull
LogPluginManager: Mounting plugin OnlineSubsystemUtils
LogPluginManager: Mounting plugin AndroidDeviceProfileSelector
LogPluginManager: Mounting plugin AndroidMoviePlayer
LogPluginManager: Mounting plugin AndroidPermission
LogPluginManager: Mounting plugin AppleARKit
LogPluginManager: Mounting plugin AppleMoviePlayer
LogPluginManager: Mounting plugin ArchVisCharacter
LogPluginManager: Mounting plugin CableComponent
LogPluginManager: Mounting plugin CustomMeshComponent
LogPluginManager: Mounting plugin ExampleDeviceProfileSelector
LogPluginManager: Mounting plugin GoogleCloudMessaging
LogPluginManager: Mounting plugin ImmediatePhysics
LogPluginManager: Mounting plugin IOSDeviceProfileSelector
LogPluginManager: Mounting plugin LinuxDeviceProfileSelector
LogPluginManager: Mounting plugin LocationServicesBPLibrary
LogPluginManager: Mounting plugin MobilePatchingUtils
LogPluginManager: Mounting plugin OculusVR
LogPluginManager: Plugin shader directory ../../../Engine/Plugins/Runtime/Oculus/OculusVR/Shaders found
LogPluginManager: Mapping shader source directory ../../../Engine/Plugins/Runtime/Oculus/OculusVR/Shaders to virtual directory /Plugin/OculusVR
LogPluginManager: Mounting plugin PhysXVehicles
LogPluginManager: Mounting plugin ProceduralMeshComponent
LogPluginManager: Mounting plugin RuntimePhysXCooking
LogPluginManager: Mounting plugin SteamVR
LogPluginManager: Mounting plugin WindowsMoviePlayer
LogModuleManager: Display: Found up-to-date module file C:/Users/antma/Documents/GitHub/Stoopid-FPS/Stoopid_FPS/Binaries/Win64/UE4Editor-Stoopid_FPS.dll (API version 3709383).
LogModuleManager: Display: Found up-to-date module file ../../../Engine/Plugins/2D/Paper2D/Binaries/Win64/UE4Editor-Paper2D.dll (API version 3709383).
LogModuleManager: Display: Found up-to-date module file ../../../Engine/Plugins/2D/Paper2D/Binaries/Win64/UE4Editor-Paper2DEditor.dll (API version 3709383).
LogModuleManager: Display: Found up-to-date module file ../../../Engine/Plugins/2D/Paper2D/Binaries/Win64/UE4Editor-PaperSpriteSheetImporter.dll (API version 3709383).
LogModuleManager: Display: Found up-to-date module file ../../../Engine/Plugins/2D/Paper2D/Binaries/Win64/UE4Editor-PaperTiledImporter.dll (API version 3709383).
LogModuleManager: Display: Found up-to-date module file ../../../Engine/Plugins/2D/Paper2D/Binaries/Win64/UE4Editor-SmartSnapping.dll (API version 3709383).
LogModuleManager: Display: Found up-to-date module file ../../../Engine/Plugins/Blendables/LightPropagationVolume/Binaries/Win64/UE4Editor-LightPropagationVolumeRuntime.dll (API version 3709383).
LogModuleManager: Display: Found up-to-date module file ../../../Engine/Plugins/Blendables/LightPropagationVolume/Binaries/Win64/UE4Editor-LightPropagationVolumeEditor.dll (API version 3709383).
LogModuleManager: Display: Found up-to-date module file ../../../Engine/Plugins/Developer/GitSourceControl/Binaries/Win64/UE4Editor-GitSourceControl.dll (API version 3709383).
LogModuleManager: Display: Found up-to-date module file ../../../Engine/Plugins/Developer/PerforceSourceControl/Binaries/Win64/UE4Editor-PerforceSourceControl.dll (API version 3709383).
LogModuleManager: Display: Found up-to-date module file ../../../Engine/Plugins/Developer/SubversionSourceControl/Binaries/Win64/UE4Editor-SubversionSourceControl.dll (API version 3709383).
LogModuleManager: Display: Found up-to-date module file ../../../Engine/Plugins/Developer/UObjectPlugin/Binaries/Win64/UE4Editor-UObjectPlugin.dll (API version 3709383).
LogModuleManager: Display: Found up-to-date module file ../../../Engine/Plugins/Developer/VisualStudioCodeSourceCodeAccess/Binaries/Win64/UE4Editor-VisualStudioCodeSourceCodeAccess.dll (API version 3709383).
LogModuleManager: Display: Found up-to-date module file ../../../Engine/Plugins/Developer/VisualStudioSourceCodeAccess/Binaries/Win64/UE4Editor-VisualStudioSourceCodeAccess.dll (API version 3709383).
LogModuleManager: Display: Found up-to-date module file ../../../Engine/Plugins/Editor/AssetManagerEditor/Binaries/Win64/UE4Editor-AssetManagerEditor.dll (API version 3709383).
LogModuleManager: Display: Found up-to-date module file ../../../Engine/Plugins/Editor/AudioCapture/Binaries/Win64/UE4Editor-AudioCapture.dll (API version 3709383).
LogModuleManager: Display: Found up-to-date module file ../../../Engine/Plugins/Editor/FacialAnimation/Binaries/Win64/UE4Editor-FacialAnimation.dll (API version 3709383).
LogModuleManager: Display: Found up-to-date module file ../../../Engine/Plugins/Editor/FacialAnimation/Binaries/Win64/UE4Editor-FacialAnimationEditor.dll (API version 3709383).
LogModuleManager: Display: Found up-to-date module file ../../../Engine/Plugins/Editor/GameplayTagsEditor/Binaries/Win64/UE4Editor-GameplayTagsEditor.dll (API version 3709383).
LogModuleManager: Display: Found up-to-date module file ../../../Engine/Plugins/Editor/MobileLauncherProfileWizard/Binaries/Win64/UE4Editor-MobileLauncherProfileWizard.dll (API version 3709383).
LogModuleManager: Display: Found up-to-date module file ../../../Engine/Plugins/Editor/PluginBrowser/Binaries/Win64/UE4Editor-PluginBrowser.dll (API version 3709383).
LogModuleManager: Display: Found up-to-date module file ../../../Engine/Plugins/Editor/SpeedTreeImporter/Binaries/Win64/UE4Editor-SpeedTreeImporter.dll (API version 3709383).
LogModuleManager: Display: Found up-to-date module file ../../../Engine/Plugins/Experimental/AlembicImporter/Binaries/Win64/UE4Editor-AlembicImporter.dll (API version 3709383).
LogModuleManager: Display: Found up-to-date module file ../../../Engine/Plugins/Experimental/AlembicImporter/Binaries/Win64/UE4Editor-AlembicLibrary.dll (API version 3709383).
LogModuleManager: Display: Found up-to-date module file ../../../Engine/Plugins/Experimental/CharacterAI/Binaries/Win64/UE4Editor-CharacterAI.dll (API version 3709383).
LogModuleManager: Display: Found up-to-date module file ../../../Engine/Plugins/Experimental/HTML5Networking/Binaries/Win64/UE4Editor-HTML5Networking.dll (API version 3709383).
LogModuleManager: Display: Found up-to-date module file ../../../Engine/Plugins/Media/AndroidMedia/Binaries/Win64/UE4Editor-AndroidMediaEditor.dll (API version 3709383).
LogModuleManager: Display: Found up-to-date module file ../../../Engine/Plugins/Media/AndroidMedia/Binaries/Win64/UE4Editor-AndroidMediaFactory.dll (API version 3709383).
LogModuleManager: Display: Found up-to-date module file ../../../Engine/Plugins/Media/AvfMedia/Binaries/Win64/UE4Editor-AvfMediaEditor.dll (API version 3709383).
LogModuleManager: Display: Found up-to-date module file ../../../Engine/Plugins/Media/AvfMedia/Binaries/Win64/UE4Editor-AvfMediaFactory.dll (API version 3709383).
LogModuleManager: Display: Found up-to-date module file ../../../Engine/Plugins/Media/AvfMedia/Binaries/Win64/UE4Editor-AvfMediaFactory.dll (API version 3709383).
LogModuleManager: Display: Found up-to-date module file ../../../Engine/Plugins/Media/ImgMedia/Binaries/Win64/UE4Editor-ImgMedia.dll (API version 3709383).
LogModuleManager: Display: Found up-to-date module file ../../../Engine/Plugins/Media/ImgMedia/Binaries/Win64/UE4Editor-ImgMediaEditor.dll (API version 3709383).
LogModuleManager: Display: Found up-to-date module file ../../../Engine/Plugins/Media/ImgMedia/Binaries/Win64/UE4Editor-ImgMediaFactory.dll (API version 3709383).
LogModuleManager: Display: Found up-to-date module file ../../../Engine/Plugins/Media/ImgMedia/Binaries/Win64/UE4Editor-ImgMediaFactory.dll (API version 3709383).
LogModuleManager: Display: Found up-to-date module file ../../../Engine/Plugins/Media/ImgMedia/Binaries/Win64/UE4Editor-OpenExrWrapper.dll (API version 3709383).
LogModuleManager: Display: Found up-to-date module file ../../../Engine/Plugins/Media/MediaCompositing/Binaries/Win64/UE4Editor-MediaCompositing.dll (API version 3709383).
LogModuleManager: Display: Found up-to-date module file ../../../Engine/Plugins/Media/MediaCompositing/Binaries/Win64/UE4Editor-MediaCompositingEditor.dll (API version 3709383).
LogModuleManager: Display: Found up-to-date module file ../../../Engine/Plugins/Media/MediaPlayerEditor/Binaries/Win64/UE4Editor-MediaPlayerEditor.dll (API version 3709383).
LogModuleManager: Display: Found up-to-date module file ../../../Engine/Plugins/Media/WmfMedia/Binaries/Win64/UE4Editor-WmfMedia.dll (API version 3709383).
LogModuleManager: Display: Found up-to-date module file ../../../Engine/Plugins/Media/WmfMedia/Binaries/Win64/UE4Editor-WmfMediaEditor.dll (API version 3709383).
LogModuleManager: Display: Found up-to-date module file ../../../Engine/Plugins/Media/WmfMedia/Binaries/Win64/UE4Editor-WmfMediaFactory.dll (API version 3709383).
LogModuleManager: Display: Found up-to-date module file ../../../Engine/Plugins/Media/WmfMedia/Binaries/Win64/UE4Editor-WmfMediaFactory.dll (API version 3709383).
LogModuleManager: Display: Found up-to-date module file ../../../Engine/Plugins/Messaging/TcpMessaging/Binaries/Win64/UE4Editor-TcpMessaging.dll (API version 3709383).
LogModuleManager: Display: Found up-to-date module file ../../../Engine/Plugins/Messaging/UdpMessaging/Binaries/Win64/UE4Editor-UdpMessaging.dll (API version 3709383).
LogModuleManager: Display: Found up-to-date module file ../../../Engine/Plugins/MovieScene/ActorSequence/Binaries/Win64/UE4Editor-ActorSequence.dll (API version 3709383).
LogModuleManager: Display: Found up-to-date module file ../../../Engine/Plugins/MovieScene/LevelSequenceEditor/Binaries/Win64/UE4Editor-LevelSequenceEditor.dll (API version 3709383).
LogModuleManager: Display: Found up-to-date module file ../../../Engine/Plugins/MovieScene/MatineeToLevelSequence/Binaries/Win64/UE4Editor-MatineeToLevelSequence.dll (API version 3709383).
LogModuleManager: Display: Found up-to-date module file ../../../Engine/Plugins/Online/OnlineSubsystem/Binaries/Win64/UE4Editor-OnlineSubsystem.dll (API version 3709383).
LogModuleManager: Display: Found up-to-date module file ../../../Engine/Plugins/Online/OnlineSubsystemNull/Binaries/Win64/UE4Editor-OnlineSubsystemNull.dll (API version 3709383).
LogModuleManager: Display: Found up-to-date module file ../../../Engine/Plugins/Online/OnlineSubsystemUtils/Binaries/Win64/UE4Editor-OnlineSubsystemUtils.dll (API version 3709383).
LogModuleManager: Display: Found up-to-date module file ../../../Engine/Plugins/Online/OnlineSubsystemUtils/Binaries/Win64/UE4Editor-OnlineBlueprintSupport.dll (API version 3709383).
LogModuleManager: Display: Found up-to-date module file ../../../Engine/Plugins/Runtime/AndroidDeviceProfileSelector/Binaries/Win64/UE4Editor-AndroidDeviceProfileSelector.dll (API version 3709383).
LogModuleManager: Display: Found up-to-date module file ../../../Engine/Plugins/Runtime/AndroidPermission/Binaries/Win64/UE4Editor-AndroidPermission.dll (API version 3709383).
LogModuleManager: Display: Found up-to-date module file ../../../Engine/Plugins/Runtime/AppleARKit/Binaries/Win64/UE4Editor-AppleARKit.dll (API version 3709383).
LogModuleManager: Display: Found up-to-date module file ../../../Engine/Plugins/Runtime/ArchVisCharacter/Binaries/Win64/UE4Editor-ArchVisCharacter.dll (API version 3709383).
LogModuleManager: Display: Found up-to-date module file ../../../Engine/Plugins/Runtime/CableComponent/Binaries/Win64/UE4Editor-CableComponent.dll (API version 3709383).
LogModuleManager: Display: Found up-to-date module file ../../../Engine/Plugins/Runtime/CustomMeshComponent/Binaries/Win64/UE4Editor-CustomMeshComponent.dll (API version 3709383).
LogModuleManager: Display: Found up-to-date module file ../../../Engine/Plugins/Runtime/ExampleDeviceProfileSelector/Binaries/Win64/UE4Editor-ExampleDeviceProfileSelector.dll (API version 3709383).
LogModuleManager: Display: Found up-to-date module file ../../../Engine/Plugins/Runtime/ImmediatePhysics/Binaries/Win64/UE4Editor-ImmediatePhysics.dll (API version 3709383).
LogModuleManager: Display: Found up-to-date module file ../../../Engine/Plugins/Runtime/ImmediatePhysics/Binaries/Win64/UE4Editor-ImmediatePhysicsEditor.dll (API version 3709383).
LogModuleManager: Display: Found up-to-date module file ../../../Engine/Plugins/Runtime/LocationServicesBPLibrary/Binaries/Win64/UE4Editor-LocationServicesBPLibrary.dll (API version 3709383).
LogModuleManager: Display: Found up-to-date module file ../../../Engine/Plugins/Runtime/MobilePatchingUtils/Binaries/Win64/UE4Editor-MobilePatchingUtils.dll (API version 3709383).
LogModuleManager: Display: Found up-to-date module file ../../../Engine/Plugins/Runtime/Oculus/OculusVR/Binaries/Win64/UE4Editor-OculusHMD.dll (API version 3709383).
LogModuleManager: Display: Found up-to-date module file ../../../Engine/Plugins/Runtime/Oculus/OculusVR/Binaries/Win64/UE4Editor-OculusInput.dll (API version 3709383).
LogModuleManager: Display: Found up-to-date module file ../../../Engine/Plugins/Runtime/Oculus/OculusVR/Binaries/Win64/UE4Editor-OculusEditor.dll (API version 3709383).
LogModuleManager: Display: Found up-to-date module file ../../../Engine/Plugins/Runtime/PhysXVehicles/Binaries/Win64/UE4Editor-PhysXVehicles.dll (API version 3709383).
LogModuleManager: Display: Found up-to-date module file ../../../Engine/Plugins/Runtime/PhysXVehicles/Binaries/Win64/UE4Editor-PhysXVehiclesEditor.dll (API version 3709383).
LogModuleManager: Display: Found up-to-date module file ../../../Engine/Plugins/Runtime/ProceduralMeshComponent/Binaries/Win64/UE4Editor-ProceduralMeshComponent.dll (API version 3709383).
LogModuleManager: Display: Found up-to-date module file ../../../Engine/Plugins/Runtime/ProceduralMeshComponent/Binaries/Win64/UE4Editor-ProceduralMeshComponentEditor.dll (API version 3709383).
LogModuleManager: Display: Found up-to-date module file ../../../Engine/Plugins/Runtime/RuntimePhysXCooking/Binaries/Win64/UE4Editor-RuntimePhysXCooking.dll (API version 3709383).
LogModuleManager: Display: Found up-to-date module file ../../../Engine/Plugins/Runtime/Steam/SteamVR/Binaries/Win64/UE4Editor-SteamVR.dll (API version 3709383).
LogModuleManager: Display: Found up-to-date module file ../../../Engine/Plugins/Runtime/Steam/SteamVR/Binaries/Win64/UE4Editor-SteamVRController.dll (API version 3709383).
LogModuleManager: Display: Found up-to-date module file ../../../Engine/Plugins/Runtime/WindowsMoviePlayer/Binaries/Win64/UE4Editor-WindowsMoviePlayer.dll (API version 3709383).
LogInit: Using libcurl 7.47.1
LogInit:  - built for x86_64-pc-win32
LogInit:  - supports SSL with OpenSSL/1.0.2g
LogInit:  - supports HTTP deflate (compression) using libz 1.2.8
LogInit:  - other features:
LogInit:      CURL_VERSION_SSL
LogInit:      CURL_VERSION_LIBZ
LogInit:      CURL_VERSION_IPV6
LogInit:      CURL_VERSION_ASYNCHDNS
LogInit:      CURL_VERSION_LARGEFILE
LogInit:      CURL_VERSION_IDN
LogInit:  CurlRequestOptions (configurable via config and command line):
LogInit:  - bVerifyPeer = false  - Libcurl will NOT verify peer certificate
LogInit:  - bUseHttpProxy = false  - Libcurl will NOT use HTTP proxy
LogInit:  - bDontReuseConnections = false  - Libcurl will reuse connections
LogInit:  - CertBundlePath = nullptr  - Libcurl will use whatever was configured at build time.
LogInit: Build: ++UE4+Release-4.18-CL-3709383
LogInit: Engine Version: 4.18.0-3709383+++UE4+Release-4.18
LogInit: Compatible Engine Version: 4.18.0-3709383+++UE4+Release-4.18
LogInit: Net CL: 3709383
LogDevObjectVersion: Number of dev versions registered: 16
LogDevObjectVersion:   Dev-Blueprints (B0D832E4-1F89-4F0D-ACCF-7EB736FD4AA2): 10
LogDevObjectVersion:   Dev-Build (E1C64328-A22C-4D53-A36C-8E866417BD8C): 0
LogDevObjectVersion:   Dev-Core (375EC13C-06E4-48FB-B500-84F0262A717E): 2
LogDevObjectVersion:   Dev-Editor (E4B068ED-F494-42E9-A231-DA0B2E46BB41): 20
LogDevObjectVersion:   Dev-Framework (CFFC743F-43B0-4480-9391-14DF171D2073): 30
LogDevObjectVersion:   Dev-Mobile (B02B49B5-BB20-44E9-A304-32B752E40360): 0
LogDevObjectVersion:   Dev-Networking (A4E4105C-59A1-49B5-A7C5-40C4547EDFEE): 0
LogDevObjectVersion:   Dev-Online (39C831C9-5AE6-47DC-9A44-9C173E1C8E7C): 0
LogDevObjectVersion:   Dev-Physics (78F01B33-EBEA-4F98-B9B4-84EACCB95AA2): 0
LogDevObjectVersion:   Dev-Platform (6631380F-2D4D-43E0-8009-CF276956A95A): 0
LogDevObjectVersion:   Dev-Rendering (12F88B9F-8875-4AFC-A67C-D90C383ABD29): 20
LogDevObjectVersion:   Dev-Sequencer (7B5AE74C-D270-4C10-A958-57980B212A5A): 4
LogDevObjectVersion:   Dev-VR (D7296918-1DD6-4BDD-9DE2-64A83CC13884): 0
LogDevObjectVersion:   Dev-LoadTimes (C2A15278-BFE7-4AFE-6C17-90FF531DF755): 1
LogDevObjectVersion:   Private-Geometry (6EACA3D4-40EC-4CC1-B786-8BED09428FC5): 1
LogDevObjectVersion:   Dev-AnimPhys (29E575DD-E0A3-4627-9D10-D276232CDCEA): 12
LogInit: Compiled (64-bit): Oct 20 2017 10:39:19
LogInit: Compiled with Visual C++: 19.00.24215.01
LogInit: Build Configuration: Development
LogInit: Branch Name: ++UE4+Release-4.18
LogInit: Command line:  
LogInit: Base directory: A:/Unreal Engine Things/UE_4.18/Engine/Binaries/Win64/
LogInit: Installed Engine Build: 1
LogInit: Presizing for max 8388607 objects, including 0 objects not considered by GC, pre-allocating 0 bytes for permanent pool.
LogInit: Object subsystem initialized
[2017.11.03-00.46.50:054][  0]LogInit: Selected Device Profile: [Windows]
[2017.11.03-00.46.50:054][  0]LogInit: Applying CVar settings loaded from the selected device profile: [Windows]
[2017.11.03-00.46.50:162][  0]LogInit: Computer: DESKTOP-SSL098G
[2017.11.03-00.46.50:163][  0]LogInit: User: antma
[2017.11.03-00.46.50:163][  0]LogInit: CPU Page size=4096, Cores=4
[2017.11.03-00.46.50:163][  0]LogInit: High frequency timer resolution =3.417975 MHz
[2017.11.03-00.46.50:163][  0]LogMemory: Memory total: Physical=15.9GB (16GB approx)
[2017.11.03-00.46.50:163][  0]LogMemory: Platform Memory Stats for Windows
[2017.11.03-00.46.50:163][  0]LogMemory: Process Physical Memory: 273.59 MB used, 273.59 MB peak
[2017.11.03-00.46.50:163][  0]LogMemory: Process Virtual Memory: 269.60 MB used, 269.60 MB peak
[2017.11.03-00.46.50:163][  0]LogMemory: Physical Memory: 4385.23 MB used,  11926.77 MB free, 16312.00 MB total
[2017.11.03-00.46.50:163][  0]LogMemory: Virtual Memory: 677.32 MB used,  11926.77 MB free, 134217728.00 MB total
[2017.11.03-00.46.51:112][  0]LogInit: Using OS detected language (en-US).
[2017.11.03-00.46.51:112][  0]LogInit: Using OS detected locale (en-US).
[2017.11.03-00.46.51:438][  0]LogTextLocalizationManager: No specific localization for 'en-US' exists, so the 'en' localization will be used.
[2017.11.03-00.46.52:118][  0]LogInit: Setting process to per monitor DPI aware
[2017.11.03-00.46.54:093][  0]LogD3D11RHI: D3D11 adapters:
[2017.11.03-00.46.54:142][  0]LogD3D11RHI:    0. 'NVIDIA GeForce GTX 1070' (Feature Level 11_0)
[2017.11.03-00.46.54:142][  0]LogD3D11RHI:       8096/0/8156 MB DedicatedVideo/DedicatedSystem/SharedSystem, Outputs:1, VendorId:0x10de
[2017.11.03-00.46.54:143][  0]LogD3D11RHI:    1. 'Microsoft Basic Render Driver' (Feature Level 11_0)
[2017.11.03-00.46.54:143][  0]LogD3D11RHI:       0/0/8156 MB DedicatedVideo/DedicatedSystem/SharedSystem, Outputs:0, VendorId:0x1414
[2017.11.03-00.46.54:143][  0]LogD3D11RHI: Chosen D3D11 Adapter: 0
[2017.11.03-00.46.54:149][  0]LogD3D11RHI: Creating new Direct3DDevice
[2017.11.03-00.46.54:149][  0]LogD3D11RHI:     GPU DeviceId: 0x1b81 (for the marketing name, search the web for "GPU Device Id")
[2017.11.03-00.46.54:149][  0]LogWindows: EnumDisplayDevices:
[2017.11.03-00.46.54:149][  0]LogWindows:    0. 'NVIDIA GeForce GTX 1070' (P:1 D:1)
[2017.11.03-00.46.54:149][  0]LogWindows:    1. 'NVIDIA GeForce GTX 1070' (P:0 D:0)
[2017.11.03-00.46.54:149][  0]LogWindows:    2. 'NVIDIA GeForce GTX 1070' (P:0 D:0)
[2017.11.03-00.46.54:149][  0]LogWindows:    3. 'NVIDIA GeForce GTX 1070' (P:0 D:0)
[2017.11.03-00.46.54:149][  0]LogWindows: DebugString: GetVideoDriverDetailsInvalid PrimaryIsNotTheChoosenAdapter GetVideoDriverDetailsInvalid PrimaryIsNotTheChoosenAdapter GetVideoDriverDetailsInvalid PrimaryIsNotTheChoosenAdapter GetVideoDriverDetailsInvalid PrimaryIsNotTheChoosenAdapter FoundDriverCount:0 
[2017.11.03-00.46.54:149][  0]LogD3D11RHI:     Adapter Name: NVIDIA GeForce GTX 1070
[2017.11.03-00.46.54:149][  0]LogD3D11RHI:   Driver Version: Unknown (internal:Unknown, unified:Unknown)
[2017.11.03-00.46.54:149][  0]LogD3D11RHI:      Driver Date: Unknown
[2017.11.03-00.46.54:149][  0]LogRHI: Texture pool is 5667 MB (70% of 8096 MB)
[2017.11.03-00.46.54:194][  0]LogD3D11RHI: Async texture creation enabled
[2017.11.03-00.46.54:212][  0]LogD3D11RHI: GPU Timing Frequency: 1000.000000 (Debug: 2 2)
[2017.11.03-00.46.54:268][  0]LogShaderCompilers: Guid format shader working directory is -8 characters bigger than the processId version (C:/Users/antma/Documents/GitHub/Stoopid-FPS/Stoopid_FPS/Intermediate/Shaders/WorkingDirectory/408/).
[2017.11.03-00.46.54:268][  0]LogShaderCompilers: Cleaned the shader compiler working directory 'C:/Users/antma/AppData/Local/Temp/UnrealShaderWorkingDir/B2877CA44C35811A00B2799A027567A0/'.
[2017.11.03-00.46.54:268][  0]LogShaderCompilers: Display: Using Local Shader Compiler.
[2017.11.03-00.46.59:116][  0]LogTemp: Display: Loaded TP AllDesktopTargetPlatform
[2017.11.03-00.46.59:150][  0]LogTemp: Display: Loaded TP MacClientTargetPlatform
[2017.11.03-00.46.59:184][  0]LogTemp: Display: Loaded TP MacNoEditorTargetPlatform
[2017.11.03-00.46.59:219][  0]LogTemp: Display: Loaded TP MacServerTargetPlatform
[2017.11.03-00.46.59:275][  0]LogTemp: Display: Loaded TP MacTargetPlatform
[2017.11.03-00.46.59:311][  0]LogTemp: Display: Loaded TP WindowsClientTargetPlatform
[2017.11.03-00.46.59:345][  0]LogTemp: Display: Loaded TP WindowsNoEditorTargetPlatform
[2017.11.03-00.46.59:379][  0]LogTemp: Display: Loaded TP WindowsServerTargetPlatform
[2017.11.03-00.46.59:408][  0]LogTemp: Display: Loaded TP WindowsTargetPlatform
[2017.11.03-00.46.59:443][  0]LogTemp: Display: Loaded TP Android_ASTCTargetPlatform
[2017.11.03-00.46.59:477][  0]LogTemp: Display: Loaded TP Android_ATCTargetPlatform
[2017.11.03-00.46.59:512][  0]LogTemp: Display: Loaded TP Android_DXTTargetPlatform
[2017.11.03-00.46.59:547][  0]LogTemp: Display: Loaded TP Android_ETC1TargetPlatform
[2017.11.03-00.46.59:581][  0]LogTemp: Display: Loaded TP Android_ETC2TargetPlatform
[2017.11.03-00.46.59:648][  0]LogTemp: Display: Loaded TP Android_MultiTargetPlatform
[2017.11.03-00.46.59:648][  0]LogTemp: Display: Loaded TP Android_PVRTCTargetPlatform
[2017.11.03-00.46.59:703][  0]LogTemp: Display: Loaded TP AndroidTargetPlatform
[2017.11.03-00.46.59:727][  0]LogTemp: Display: Loaded TP HTML5TargetPlatform
[2017.11.03-00.46.59:892][  0]LogTemp: Display: Loaded TP IOSTargetPlatform
[2017.11.03-00.46.59:923][  0]LogTemp: Display: Loaded TP TVOSTargetPlatform
[2017.11.03-00.46.59:957][  0]LogTemp: Display: Loaded TP LinuxClientTargetPlatform
[2017.11.03-00.46.59:992][  0]LogTemp: Display: Loaded TP LinuxNoEditorTargetPlatform
[2017.11.03-00.47.00:028][  0]LogTemp: Display: Loaded TP LinuxServerTargetPlatform
[2017.11.03-00.47.00:076][  0]LogTemp: Display: Loaded TP LinuxTargetPlatform
[2017.11.03-00.47.00:076][  0]LogTargetPlatformManager: Display: Building Assets For Windows
[2017.11.03-00.47.01:407][  0]LogDerivedDataCache: Display: Max Cache Size: 512 MB
[2017.11.03-00.47.02:261][  0]LogDerivedDataCache: Loaded boot cache 0.85s 78MB C:/Users/antma/AppData/Local/UnrealEngine/4.18/DerivedDataCache/Boot.ddc.
[2017.11.03-00.47.02:261][  0]LogDerivedDataCache: Display: Loaded Boot cache: C:/Users/antma/AppData/Local/UnrealEngine/4.18/DerivedDataCache/Boot.ddc
[2017.11.03-00.47.02:261][  0]LogDerivedDataCache: FDerivedDataBackendGraph:  Pak pak cache file C:/Users/antma/Documents/GitHub/Stoopid-FPS/Stoopid_FPS/DerivedDataCache/DDC.ddp not found, will not use a pak cache.
[2017.11.03-00.47.02:261][  0]LogDerivedDataCache: Unable to find inner node Pak for hierarchical cache Hierarchy.
[2017.11.03-00.47.02:261][  0]LogDerivedDataCache: FDerivedDataBackendGraph:  CompressedPak pak cache file C:/Users/antma/Documents/GitHub/Stoopid-FPS/Stoopid_FPS/DerivedDataCache/Compressed.ddp not found, will not use a pak cache.
[2017.11.03-00.47.02:261][  0]LogDerivedDataCache: Unable to find inner node CompressedPak for hierarchical cache Hierarchy.
[2017.11.03-00.47.02:340][  0]LogDerivedDataCache: Display: Pak cache opened for reading ../../../Engine/DerivedDataCache/Compressed.ddp.
[2017.11.03-00.47.02:407][  0]LogDerivedDataCache: Using Local data cache path C:/Users/antma/AppData/Local/UnrealEngine/Common/DerivedDataCache: Writable
[2017.11.03-00.47.02:417][  0]LogMaterial: Verifying Global Shaders for PCD3D_SM5
[2017.11.03-00.47.02:418][  0]LogSlate: Using Freetype 2.6.0
[2017.11.03-00.47.02:480][  0]LogSlate: SlateFontCache - WITH_FREETYPE: 1, WITH_HARFBUZZ: 1
[2017.11.03-00.47.02:480][  0]LogSlate: SlateFontCache - WITH_FREETYPE: 1, WITH_HARFBUZZ: 1
[2017.11.03-00.47.07:852][  0]LogInit: Selected Device Profile: [Windows]
[2017.11.03-00.47.09:007][  0]LogSimplygon: Simplygon DLL not present - disabling.
[2017.11.03-00.47.09:034][  0]LogMeshReduction: Using SimplygonSwarm for distributed automatic mesh merging
[2017.11.03-00.47.09:047][  0]LogMeshReduction: Using QuadricMeshReduction for automatic static mesh reduction
[2017.11.03-00.47.09:063][  0]LogMeshReduction: No automatic skeletal mesh reduction module available
[2017.11.03-00.47.09:063][  0]LogMeshReduction: No automatic mesh merging module available
[2017.11.03-00.47.09:063][  0]LogMeshMerging: No automatic mesh merging module available
[2017.11.03-00.47.09:388][  0]LogNetVersion: Stoopid_FPS , NetCL: 3709383, EngineNetVer: 2, GameNetVer: 0 (Checksum: 3507961601)
[2017.11.03-00.47.10:454][  0]LogAssetRegistry: FAssetRegistry took 0.0258 seconds to start up
[2017.11.03-00.47.13:937][  0]LogPackageLocalizationCache: Processed 7 localized package path(s) for 2 prioritized culture(s) in 0.106547 seconds
[2017.11.03-00.47.13:943][  0]LogUObjectArray: 35900 objects as part of root set at end of initial load.
[2017.11.03-00.47.13:943][  0]LogUObjectAllocator: 7372024 out of 0 bytes used by permanent object pool.
[2017.11.03-00.47.13:943][  0]LogUObjectArray: CloseDisregardForGC: 0/0 objects in disregard for GC pool
[2017.11.03-00.47.13:974][  0]LogInit: WinSock: version 1.1 (2.2), MaxSocks=32767, MaxUdp=65467
[2017.11.03-00.47.35:530][  0]LogTcpMessaging: Initializing TcpMessaging bridge
[2017.11.03-00.47.35:563][  0]LogUdpMessaging: Initializing bridge on interface 0.0.0.0:0 to multicast group 230.0.0.1:6666.
[2017.11.03-00.47.36:710][  0]LogMaterial: Uniform references updated for custom material expression Custom.
[2017.11.03-00.47.37:479][  0]SourceControl: Source control is disabled
[2017.11.03-00.47.37:479][  0]SourceControl: Source control is disabled
[2017.11.03-00.47.37:515][  0]SourceControl: Source control is disabled
[2017.11.03-00.47.37:552][  0]SourceControl: Source control is disabled
[2017.11.03-00.47.38:475][  0]LogAndroidPermission: UAndroidPermissionCallbackProxy::GetInstance
[2017.11.03-00.47.38:657][  0]LogOcInput: OculusInput pre-init called
[2017.11.03-00.47.39:066][  0]LogEngine: Initializing Engine...
[2017.11.03-00.47.39:068][  0]LogHMD: Failed to initialize OpenVR with code 110
[2017.11.03-00.47.40:406][  0]LogStats: UGameplayTagsManager::ConstructGameplayTagTree: Construct from data asset -  0.000 s
[2017.11.03-00.47.40:406][  0]LogStats: UGameplayTagsManager::ConstructGameplayTagTree: GameplayTagTreeChangedEvent.Broadcast -  0.000 s
[2017.11.03-00.47.40:731][  0]LogAIModule: Creating AISystem for world Untitled
[2017.11.03-00.47.41:001][  0]LogInit: XAudio2 using 'Speakers (Realtek High Definition Audio)' : 2 channels at 48 kHz using 32 bits per sample (channel mask 0x3)
[2017.11.03-00.47.41:025][  0]LogInit: FAudioDevice initialized.
[2017.11.03-00.47.41:368][  0]LogDerivedDataCache: Saved boot cache 0.33s 78MB C:/Users/antma/AppData/Local/UnrealEngine/4.18/DerivedDataCache/Boot.ddc.
[2017.11.03-00.47.41:387][  0]LogInit: Texture streaming: Enabled
[2017.11.03-00.47.41:502][  0]LogEngineSessionManager: EngineSessionManager initialized
[2017.11.03-00.47.41:752][  0]LogInit: Transaction tracking system initialized
[2017.11.03-00.47.42:066][  0]BlueprintLog: New page: Editor Load
[2017.11.03-00.47.43:906][  0]LocalizationService: Localization service is disabled
[2017.11.03-00.47.45:090][  0]LogConsoleResponse: Display: 
[2017.11.03-00.47.48:141][  0]LogFileCache: Scanning file cache for directory 'C:/Users/antma/Documents/GitHub/Stoopid-FPS/Stoopid_FPS/Content/' took 0.05s
[2017.11.03-00.47.48:141][  0]LogCook: Display: Max memory allowance for cook 16384mb min free memory 0mb
[2017.11.03-00.47.48:141][  0]LogCook: Display: Mobile HDR setting 1
[2017.11.03-00.47.48:163][  0]LogGameplayTags: Display: UGameplayTagsManager::DoneAddingNativeTags. DelegateIsBound: 0
[2017.11.03-00.47.50:091][  0]SourceControl: Source control is disabled
[2017.11.03-00.47.50:119][  0]Cmd: MAP LOAD FILE="../../../Engine/Content/Maps/Templates/Template_Default.umap" TEMPLATE=1 SHOWPROGRESS=1 FEATURELEVEL=3
[2017.11.03-00.47.50:174][  0]LightingResults: New page: Lighting Build
[2017.11.03-00.47.50:475][  0]MapCheck: New page: Map Check
[2017.11.03-00.47.50:475][  0]LightingResults: New page: Lighting Build
[2017.11.03-00.47.52:364][  0]LogAIModule: Creating AISystem for world Untitled_1
[2017.11.03-00.47.52:804][  0]LogEditorServer: Finished looking for orphan Actors (0.000 secs)
[2017.11.03-00.47.52:922][  0]Cmd: MAP CHECKDEP NOCLEARLOG
[2017.11.03-00.47.52:956][  0]MapCheck: Map check complete: 0 Error(s), 0 Warning(s), took 33.289ms to complete.
[2017.11.03-00.47.52:956][  0]LogFileHelpers: Loading map 'Template_Default' took 2.864
[2017.11.03-00.47.54:253][  0]LogCollectionManager: Loaded 0 collections in 0.023682 seconds
[2017.11.03-00.47.54:359][  0]LogFileCache: Scanning file cache for directory 'C:/Users/antma/Documents/GitHub/Stoopid-FPS/Stoopid_FPS/Saved/Collections/' took 0.01s
[2017.11.03-00.47.54:359][  0]LogFileCache: Scanning file cache for directory 'C:/Users/antma/Documents/GitHub/Stoopid-FPS/Stoopid_FPS/Content/Developers/antma/Collections/' took 0.01s
[2017.11.03-00.47.54:359][  0]LogFileCache: Scanning file cache for directory 'C:/Users/antma/Documents/GitHub/Stoopid-FPS/Stoopid_FPS/Content/Collections/' took 0.01s
[2017.11.03-00.47.54:359][  0]LogCollectionManager: Rebuilt the GUID cache for 0 collections in 0.000000 seconds
[2017.11.03-00.47.54:385][  0]LogContentBrowser: Native class hierarchy populated in 0.0255 seconds. Added 2364 classes and 521 folders.
[2017.11.03-00.47.54:490][  0]LogContentBrowser: Native class hierarchy updated for 'WidgetCarousel' in 0.0006 seconds. Added 0 classes and 0 folders.
[2017.11.03-00.47.55:577][  0]LogContentBrowser: Native class hierarchy updated for 'AddContentDialog' in 0.0007 seconds. Added 0 classes and 0 folders.
[2017.11.03-00.47.55:636][  0]LogContentBrowser: Native class hierarchy updated for 'SceneOutliner' in 0.0007 seconds. Added 1 classes and 2 folders.
[2017.11.03-00.47.56:161][  0]LogSlate: Took 0.096605 seconds to synchronously load lazily loaded font '../../../Engine/Content/Slate/Fonts/Roboto-Regular.ttf' (155K)
[2017.11.03-00.47.56:189][  0]LogSlate: Took 0.019213 seconds to synchronously load lazily loaded font '../../../Engine/Content/Slate/Fonts/Roboto-Bold.ttf' (160K)
[2017.11.03-00.47.56:252][  0]LogSlate: Took 0.016526 seconds to synchronously load lazily loaded font '../../../Engine/Content/Editor/Slate/Fonts/FontAwesome.ttf' (139K)
[2017.11.03-00.47.57:083][  0]LogRenderer: Reallocating scene render targets to support 1240x704 Format 10 NumSamples 1 (Frame:1).
[2017.11.03-00.47.57:753][  0]LogContentBrowser: Native class hierarchy updated for 'HierarchicalLODOutliner' in 0.0007 seconds. Added 1 classes and 2 folders.
[2017.11.03-00.47.57:753][  0]LogLoad: (Engine Initialization) Total time: 89.73 seconds
[2017.11.03-00.47.57:753][  0]LogLoad: (Engine Initialization) Total Blueprint compile time: 0.00 seconds
[2017.11.03-00.47.57:753][  0]LogExternalProfiler: No external profilers were discovered.  External profiling features will not be available.
[2017.11.03-00.47.57:987][  0]LogContentStreaming: Texture pool size now 1000 MB
[2017.11.03-00.47.58:174][  0]LogSlate: Took 0.018469 seconds to synchronously load lazily loaded font '../../../Engine/Content/Slate/Fonts/Roboto-Light.ttf' (159K)
[2017.11.03-00.47.58:225][  1]LogAssetRegistry: Asset discovery search completed in 47.7923 seconds
[2017.11.03-00.47.58:227][  1]LogCollectionManager: Rebuilt the object cache for 0 collections in 0.000000 seconds (found 0 objects)
[2017.11.03-00.47.58:227][  1]LogCollectionManager: Fixed up redirectors for 0 collections in 0.000048 seconds (updated 0 objects)
[2017.11.03-00.48.27:325][437]Cmd: MAP LOAD FILE="C:/Users/antma/Documents/GitHub/Stoopid-FPS/Stoopid_FPS/Content/Level_1.umap" TEMPLATE=0 SHOWPROGRESS=1 FEATURELEVEL=3
[2017.11.03-00.48.27:359][437]LogSlate: Took 0.000155 seconds to synchronously load lazily loaded font '../../../Engine/Content/Slate/Fonts/Roboto-Light.ttf' (159K)
[2017.11.03-00.48.27:370][437]LightingResults: New page: Lighting Build
[2017.11.03-00.48.27:371][437]LoadErrors: New page: Loading map: Level_1.umap
[2017.11.03-00.48.27:434][437]MapCheck: New page: Map Check
[2017.11.03-00.48.27:434][437]LightingResults: New page: Lighting Build
[2017.11.03-00.48.29:604][437]LogSlate: Took 0.000133 seconds to synchronously load lazily loaded font '../../../Engine/Content/Slate/Fonts/Roboto-Regular.ttf' (155K)
[2017.11.03-00.48.29:614][437]LogAIModule: Creating AISystem for world Level_1
[2017.11.03-00.48.31:677][437]LogEditorServer: Finished looking for orphan Actors (0.000 secs)
[2017.11.03-00.48.31:715][437]Cmd: MAP CHECKDEP NOCLEARLOG
[2017.11.03-00.48.31:750][437]MapCheck: Map check complete: 0 Error(s), 0 Warning(s), took 34.424ms to complete.
[2017.11.03-00.48.31:750][437]LogFileHelpers: Loading map 'Level_1' took 4.451
[2017.11.03-00.49.54:746][705]LogContentBrowser: Native class hierarchy updated for 'BlueprintGraph' in 0.0011 seconds. Added 116 classes and 0 folders.
[2017.11.03-00.50.01:770][202]LogSlate: Took 0.020819 seconds to synchronously load lazily loaded font '../../../Engine/Content/Editor/Slate/Fonts/Roboto-Italic.ttf' (157K)
[2017.11.03-00.50.03:101][330]LogRenderer: Reallocating scene render targets to support 1240x940 Format 10 NumSamples 1 (Frame:576).
[2017.11.03-00.50.05:516][615]LogSlate: Took 0.023289 seconds to synchronously load lazily loaded font '../../../Engine/Content/Editor/Slate/Fonts/Roboto-BoldCondensed.ttf' (158K)
[2017.11.03-00.51.01:265][800]LogSlate: Took 0.000179 seconds to synchronously load lazily loaded font '../../../Engine/Content/Slate/Fonts/Roboto-Light.ttf' (159K)
[2017.11.03-00.52.10:022][887]BlueprintLog: New page: Compile BP_ShooterMan
[2017.11.03-00.52.10:964][933]Cmd: OBJ SAVEPACKAGE PACKAGE="/Game/Blueprints/BP_ShooterMan" FILE="C:/Users/antma/Documents/GitHub/Stoopid-FPS/Stoopid_FPS/Content/Blueprints/BP_ShooterMan.uasset" SILENT=true
[2017.11.03-00.52.11:054][933]LogSavePackage: Save=67.92ms
[2017.11.03-00.52.11:055][933]LogSavePackage: Moving 'C:/Users/antma/Documents/GitHub/Stoopid-FPS/Stoopid_FPS/Saved/BP_ShooterManACB1D4FA44CBF3F1A769F7A273F3073E.tmp' to 'C:/Users/antma/Documents/GitHub/Stoopid-FPS/Stoopid_FPS/Content/Blueprints/BP_ShooterMan.uasset'
[2017.11.03-00.52.11:065][933]LogSavePackage: Display: Finished SavePackage C:/Users/antma/Documents/GitHub/Stoopid-FPS/Stoopid_FPS/Content/Blueprints/BP_ShooterMan.uasset
[2017.11.03-00.52.47:424][261]LogTemp: Repeating last play command: Selected Viewport
[2017.11.03-00.52.47:470][261]LogPlayLevel: PlayLevel: No blueprints needed recompiling
[2017.11.03-00.52.47:539][261]PIE: New page: PIE session: Level_1 (Nov 2, 2017, 10:52:47 AM)
[2017.11.03-00.52.47:554][261]LogPlayLevel: Creating play world package: /Game/UEDPIE_0_Level_1
[2017.11.03-00.52.47:565][261]LogPlayLevel: PIE: StaticDuplicateObject took: (0.010903s)
[2017.11.03-00.52.47:566][261]LogAIModule: Creating AISystem for world Level_1
[2017.11.03-00.52.47:566][261]LogPlayLevel: PIE: World Init took: (0.000968s)
[2017.11.03-00.52.47:566][261]LogPlayLevel: PIE: Created PIE world by copying editor world from /Game/Level_1.Level_1 to /Game/UEDPIE_0_Level_1.Level_1 (0.012166s)
[2017.11.03-00.52.47:610][261]LogInit: XAudio2 using 'Speakers (Realtek High Definition Audio)' : 2 channels at 48 kHz using 32 bits per sample (channel mask 0x3)
[2017.11.03-00.52.47:615][261]LogInit: FAudioDevice initialized.
[2017.11.03-00.52.47:674][261]LogLoad: Game class is 'GameModeBase'
[2017.11.03-00.52.47:717][261]LogWorld: Bringing World /Game/UEDPIE_0_Level_1.Level_1 up for play (max tick rate 0) at 2017.11.02-17.52.47
[2017.11.03-00.52.47:718][261]LogWorld: Bringing up level for play took: 0.001695
[2017.11.03-00.52.47:814][261]LogContentBrowser: Native class hierarchy updated for 'MovieSceneCapture' in 0.0008 seconds. Added 11 classes and 0 folders.
[2017.11.03-00.52.47:840][261]PIE: Play in editor start time for /Game/UEDPIE_0_Level_1 -0.333
[2017.11.03-00.53.38:581][174]BlueprintLog: New page: Compile BP_ShooterMan
[2017.11.03-00.53.39:281][217]Cmd: OBJ SAVEPACKAGE PACKAGE="/Game/Blueprints/BP_ShooterMan" FILE="C:/Users/antma/Documents/GitHub/Stoopid-FPS/Stoopid_FPS/Content/Blueprints/BP_ShooterMan.uasset" SILENT=true
[2017.11.03-00.53.39:423][217]LogSavePackage: Save=33.05ms
[2017.11.03-00.53.39:423][217]LogSavePackage: Moving 'C:/Users/antma/Documents/GitHub/Stoopid-FPS/Stoopid_FPS/Saved/BP_ShooterManB696F49B4128B32C01E0FCB99F8920F3.tmp' to 'C:/Users/antma/Documents/GitHub/Stoopid-FPS/Stoopid_FPS/Content/Blueprints/BP_ShooterMan.uasset'
[2017.11.03-00.53.39:426][217]LogSavePackage: Display: Finished SavePackage C:/Users/antma/Documents/GitHub/Stoopid-FPS/Stoopid_FPS/Content/Blueprints/BP_ShooterMan.uasset
[2017.11.03-00.54.08:425][650]BlueprintLog: New page: Compile BP_ShooterMan
[2017.11.03-00.54.09:123][693]Cmd: OBJ SAVEPACKAGE PACKAGE="/Game/Blueprints/BP_ShooterMan" FILE="C:/Users/antma/Documents/GitHub/Stoopid-FPS/Stoopid_FPS/Content/Blueprints/BP_ShooterMan.uasset" SILENT=true
[2017.11.03-00.54.09:143][693]LogSavePackage: Save=17.95ms
[2017.11.03-00.54.09:143][693]LogSavePackage: Moving 'C:/Users/antma/Documents/GitHub/Stoopid-FPS/Stoopid_FPS/Saved/BP_ShooterManC3C286714D6270E009E338A63FA2EDA7.tmp' to 'C:/Users/antma/Documents/GitHub/Stoopid-FPS/Stoopid_FPS/Content/Blueprints/BP_ShooterMan.uasset'
[2017.11.03-00.54.09:167][693]LogSavePackage: Display: Finished SavePackage C:/Users/antma/Documents/GitHub/Stoopid-FPS/Stoopid_FPS/Content/Blueprints/BP_ShooterMan.uasset
[2017.11.03-00.55.08:870][287]LogSlate: Only BGRA pngs, bmps or icos are supported in by External Image Picker
[2017.11.03-00.55.09:437][319]LogTemp: Executing iPhonePackager certificates Engine -bundlename com.YourCompany.StoopidFPS
[2017.11.03-00.55.09:437][319]LogTemp: CWD: A:\Unreal Engine Things\UE_4.18\Engine\Binaries\DotNET\IOS
[2017.11.03-00.55.09:437][319]LogTemp: Initial Dir: A:\Unreal Engine Things\UE_4.18
[2017.11.03-00.55.09:437][319]LogTemp: Env CWD: A:\Unreal Engine Things\UE_4.18\Engine\Binaries\DotNET\IOS
[2017.11.03-00.55.09:445][320]LogTemp: BranchPath = DESKTOP-SSL098G/A/Unreal Engine Things/UE_4.18/Engine/Binaries --- GameBranchPath = DESKTOP-SSL098G/A/Unreal Engine Things/UE_4.18/Engine/Binaries
[2017.11.03-00.55.09:699][350]LogTemp: IPP ERROR: Could not find provision directory 'C:\Users\antma\AppData\Local/Apple Computer/MobileDevice/Provisioning Profiles/'.
[2017.11.03-00.59.03:404][ 70]LogBlueprint: Warning: [Compiler ] Pasted node  CustomEvent   conflicted with  MoveForwardFunction  and was replaced as a Custom Event!
[2017.11.03-01.02.16:140][ 32]LogFileHelpers: Editor autosave (incl. sublevels) for '/Game/Level_1' took 0.022
[2017.11.03-01.02.16:175][ 32]OBJ SavePackage: Generating thumbnails for [0] asset(s) in package [/Game/Blueprints/BP_ShooterManController] ([1] browsable assets)...
[2017.11.03-01.02.16:175][ 32]OBJ SavePackage: Finished generating thumbnails for package [/Game/Blueprints/BP_ShooterManController]
[2017.11.03-01.02.16:189][ 32]LogSavePackage: Save=11.67ms
[2017.11.03-01.02.16:189][ 32]LogSavePackage: Moving 'C:/Users/antma/Documents/GitHub/Stoopid-FPS/Stoopid_FPS/Saved/BP_ShooterManController_Auto1284308334CDEA641A51100A7F54F417D.tmp' to 'C:/Users/antma/Documents/GitHub/Stoopid-FPS/Stoopid_FPS/Saved/Autosaves/Game/Blueprints/BP_ShooterManController_Auto1.uasset'
[2017.11.03-01.02.16:190][ 32]LogSavePackage: Display: Finished SavePackage C:/Users/antma/Documents/GitHub/Stoopid-FPS/Stoopid_FPS/Saved/Autosaves/Game/Blueprints/BP_ShooterManController_Auto1.uasset
[2017.11.03-01.02.16:190][ 32]LogFileHelpers: Auto-saving content packages took 0.038
[2017.11.03-01.04.04:769][913]BlueprintLog: New page: Compile BP_ShooterManController
[2017.11.03-01.04.05:481][974]Cmd: OBJ SAVEPACKAGE PACKAGE="/Game/Blueprints/BP_ShooterManController" FILE="C:/Users/antma/Documents/GitHub/Stoopid-FPS/Stoopid_FPS/Content/Blueprints/BP_ShooterManController.uasset" SILENT=true
[2017.11.03-01.04.05:502][974]LogSavePackage: Save=18.91ms
[2017.11.03-01.04.05:502][974]LogSavePackage: Moving 'C:/Users/antma/Documents/GitHub/Stoopid-FPS/Stoopid_FPS/Saved/BP_ShooterManController7526242642D5C0FEB057F488D84A16D2.tmp' to 'C:/Users/antma/Documents/GitHub/Stoopid-FPS/Stoopid_FPS/Content/Blueprints/BP_ShooterManController.uasset'
[2017.11.03-01.04.05:507][974]LogSavePackage: Display: Finished SavePackage C:/Users/antma/Documents/GitHub/Stoopid-FPS/Stoopid_FPS/Content/Blueprints/BP_ShooterManController.uasset
[2017.11.03-01.12.16:775][692]LogFileHelpers: Editor autosave (incl. sublevels) for '/Game/Level_1' took 0.023
[2017.11.03-01.12.16:778][692]OBJ SavePackage: Generating thumbnails for [0] asset(s) in package [/Game/Blueprints/BP_ShooterManController] ([1] browsable assets)...
[2017.11.03-01.12.16:778][692]OBJ SavePackage: Finished generating thumbnails for package [/Game/Blueprints/BP_ShooterManController]
[2017.11.03-01.12.16:820][692]LogSavePackage: Save=18.90ms
[2017.11.03-01.12.16:820][692]LogSavePackage: Moving 'C:/Users/antma/Documents/GitHub/Stoopid-FPS/Stoopid_FPS/Saved/BP_ShooterManController_Auto2332C55AB4B8166BA952EF6BD34AB1843.tmp' to 'C:/Users/antma/Documents/GitHub/Stoopid-FPS/Stoopid_FPS/Saved/Autosaves/Game/Blueprints/BP_ShooterManController_Auto2.uasset'
[2017.11.03-01.12.16:821][692]LogSavePackage: Display: Finished SavePackage C:/Users/antma/Documents/GitHub/Stoopid-FPS/Stoopid_FPS/Saved/Autosaves/Game/Blueprints/BP_ShooterManController_Auto2.uasset
[2017.11.03-01.12.16:821][692]LogFileHelpers: Auto-saving content packages took 0.045
[2017.11.03-01.13.03:822][953]LogActorComponent: UnregisterComponent: (/Engine/Transient.EditorFloorComp) Not registered. Aborting.
[2017.11.03-01.13.03:895][953]LogActorComponent: UnregisterComponent: (/Engine/Transient.EditorFloorComp) Not registered. Aborting.
[2017.11.03-01.15.05:631][111]BlueprintLog: New page: Compile BP_ShooterMan
[2017.11.03-01.15.06:222][143]Cmd: OBJ SAVEPACKAGE PACKAGE="/Game/Blueprints/BP_ShooterMan" FILE="C:/Users/antma/Documents/GitHub/Stoopid-FPS/Stoopid_FPS/Content/Blueprints/BP_ShooterMan.uasset" SILENT=true
[2017.11.03-01.15.06:247][143]LogSavePackage: Save=23.00ms
[2017.11.03-01.15.06:247][143]LogSavePackage: Moving 'C:/Users/antma/Documents/GitHub/Stoopid-FPS/Stoopid_FPS/Saved/BP_ShooterManA9BE792D4A8032457ED22EA06BD7ACF0.tmp' to 'C:/Users/antma/Documents/GitHub/Stoopid-FPS/Stoopid_FPS/Content/Blueprints/BP_ShooterMan.uasset'
[2017.11.03-01.15.06:249][143]LogSavePackage: Display: Finished SavePackage C:/Users/antma/Documents/GitHub/Stoopid-FPS/Stoopid_FPS/Content/Blueprints/BP_ShooterMan.uasset
[2017.11.03-01.21.29:785][203]BlueprintLog: New page: Compile BP_ShooterMan
[2017.11.03-01.21.30:442][244]Cmd: OBJ SAVEPACKAGE PACKAGE="/Game/Blueprints/BP_ShooterMan" FILE="C:/Users/antma/Documents/GitHub/Stoopid-FPS/Stoopid_FPS/Content/Blueprints/BP_ShooterMan.uasset" SILENT=true
[2017.11.03-01.21.30:472][244]LogSavePackage: Save=22.07ms
[2017.11.03-01.21.30:472][244]LogSavePackage: Moving 'C:/Users/antma/Documents/GitHub/Stoopid-FPS/Stoopid_FPS/Saved/BP_ShooterMan12E5947C49AC0F61C7FE70B2B703014F.tmp' to 'C:/Users/antma/Documents/GitHub/Stoopid-FPS/Stoopid_FPS/Content/Blueprints/BP_ShooterMan.uasset'
[2017.11.03-01.21.30:475][244]LogSavePackage: Display: Finished SavePackage C:/Users/antma/Documents/GitHub/Stoopid-FPS/Stoopid_FPS/Content/Blueprints/BP_ShooterMan.uasset
[2017.11.03-01.21.39:822][308]LogMetaData: Removing '/Game/Blueprints/BP_ShooterManBase.BP_ShooterManBase:UserConstructionScript.K2Node_FunctionEntry_0' ref from Metadata '/Game/Blueprints/BP_ShooterMan.PackageMetaData'
[2017.11.03-01.21.39:822][308]LogMetaData: Removing '/Game/Blueprints/BP_ShooterManBase.SKEL_BP_ShooterManBase_C' ref from Metadata '/Game/Blueprints/BP_ShooterMan.PackageMetaData'
[2017.11.03-01.21.39:822][308]LogMetaData: Removing '/Game/Blueprints/BP_ShooterManBase.BP_ShooterManBase_C' ref from Metadata '/Game/Blueprints/BP_ShooterMan.PackageMetaData'
[2017.11.03-01.21.39:822][308]LogMetaData: Removing '/Game/Blueprints/BP_ShooterManBase.BP_ShooterManBase:EventGraph.K2Node_Event_0' ref from Metadata '/Game/Blueprints/BP_ShooterMan.PackageMetaData'
[2017.11.03-01.21.39:822][308]LogMetaData: Removing '/Game/Blueprints/BP_ShooterManBase.BP_ShooterManBase:EventGraph.K2Node_Event_1' ref from Metadata '/Game/Blueprints/BP_ShooterMan.PackageMetaData'
[2017.11.03-01.21.39:822][308]LogMetaData: Removing '/Game/Blueprints/BP_ShooterManBase.BP_ShooterManBase:EventGraph.K2Node_Event_2' ref from Metadata '/Game/Blueprints/BP_ShooterMan.PackageMetaData'
[2017.11.03-01.21.39:881][308]Cmd: OBJ SAVEPACKAGE PACKAGE="/Game/Blueprints/BP_ShooterManBase" FILE="C:/Users/antma/Documents/GitHub/Stoopid-FPS/Stoopid_FPS/Content/Blueprints/BP_ShooterManBase.uasset" SILENT=true
[2017.11.03-01.21.39:906][308]LogSavePackage: Save=23.12ms
[2017.11.03-01.21.39:906][308]LogSavePackage: Moving 'C:/Users/antma/Documents/GitHub/Stoopid-FPS/Stoopid_FPS/Saved/BP_ShooterManBaseFA1DA8624CFAC7407AAF5582A735E71E.tmp' to 'C:/Users/antma/Documents/GitHub/Stoopid-FPS/Stoopid_FPS/Content/Blueprints/BP_ShooterManBase.uasset'
[2017.11.03-01.21.39:910][308]LogSavePackage: Display: Finished SavePackage C:/Users/antma/Documents/GitHub/Stoopid-FPS/Stoopid_FPS/Content/Blueprints/BP_ShooterManBase.uasset
[2017.11.03-01.22.31:129][217]Cmd: OBJ SAVEPACKAGE PACKAGE="/Game/Level_1" FILE="C:/Users/antma/Documents/GitHub/Stoopid-FPS/Stoopid_FPS/Content/Level_1.umap" SILENT=true AUTOSAVING=false KEEPDIRTY=false
[2017.11.03-01.22.31:287][217]LogSavePackage: Save=128.08ms
[2017.11.03-01.22.31:287][217]LogSavePackage: Moving 'C:/Users/antma/Documents/GitHub/Stoopid-FPS/Stoopid_FPS/Saved/Level_1D79D05B1449D14527E0250B92A08E982.tmp' to 'C:/Users/antma/Documents/GitHub/Stoopid-FPS/Stoopid_FPS/Content/Level_1.umap'
[2017.11.03-01.22.31:290][217]LogSavePackage: Display: Finished SavePackage C:/Users/antma/Documents/GitHub/Stoopid-FPS/Stoopid_FPS/Content/Level_1.umap
[2017.11.03-01.22.31:344][217]Cmd: OBJ SAVEPACKAGE PACKAGE="/Game/Level_1_BuiltData" FILE="C:/Users/antma/Documents/GitHub/Stoopid-FPS/Stoopid_FPS/Content/Level_1_BuiltData.uasset" SILENT=true
[2017.11.03-01.22.31:406][217]LogSavePackage: Save=50.22ms
[2017.11.03-01.22.31:406][217]LogSavePackage: Moving 'C:/Users/antma/Documents/GitHub/Stoopid-FPS/Stoopid_FPS/Saved/Level_1_BuiltData9BF843B3459B7995815BD58556B063A5.tmp' to 'C:/Users/antma/Documents/GitHub/Stoopid-FPS/Stoopid_FPS/Content/Level_1_BuiltData.uasset'
[2017.11.03-01.22.31:409][217]LogSavePackage: Display: Finished SavePackage C:/Users/antma/Documents/GitHub/Stoopid-FPS/Stoopid_FPS/Content/Level_1_BuiltData.uasset
[2017.11.03-01.23.11:814][989]LogEditorViewport: Clicking on Actor (LMB): PlayerStart (Player Start)
[2017.11.03-01.23.13:298][150]Cmd: DELETE
[2017.11.03-01.23.13:307][150]Cmd: ACTOR DELETE
[2017.11.03-01.23.13:504][150]LogEditorActor: Deleted Actor: PlayerStart
[2017.11.03-01.23.13:521][150]LogEditorActor: Deleted 1 Actors (0.031 secs)
[2017.11.03-01.23.27:426][714]LogEditorViewport: Clicking on Actor (LMB): BP_Sky_Sphere_C (Sky Sphere)
[2017.11.03-01.23.45:038][789]Cmd: OBJ SAVEPACKAGE PACKAGE="/Game/Level_1" FILE="C:/Users/antma/Documents/GitHub/Stoopid-FPS/Stoopid_FPS/Content/Level_1.umap" SILENT=true AUTOSAVING=false KEEPDIRTY=false
[2017.11.03-01.23.45:161][789]LogSavePackage: Save=105.80ms
[2017.11.03-01.23.45:161][789]LogSavePackage: Moving 'C:/Users/antma/Documents/GitHub/Stoopid-FPS/Stoopid_FPS/Saved/Level_1935A17E942FFE7388109DA92929A608B.tmp' to 'C:/Users/antma/Documents/GitHub/Stoopid-FPS/Stoopid_FPS/Content/Level_1.umap'
[2017.11.03-01.23.45:164][789]LogSavePackage: Display: Finished SavePackage C:/Users/antma/Documents/GitHub/Stoopid-FPS/Stoopid_FPS/Content/Level_1.umap
[2017.11.03-01.23.45:189][789]Cmd: OBJ SAVEPACKAGE PACKAGE="/Game/Level_1_BuiltData" FILE="C:/Users/antma/Documents/GitHub/Stoopid-FPS/Stoopid_FPS/Content/Level_1_BuiltData.uasset" SILENT=true
[2017.11.03-01.23.45:241][789]LogSavePackage: Save=49.59ms
[2017.11.03-01.23.45:241][789]LogSavePackage: Moving 'C:/Users/antma/Documents/GitHub/Stoopid-FPS/Stoopid_FPS/Saved/Level_1_BuiltDataA27BBF4A4BE4CEBBCC3582B9AC169489.tmp' to 'C:/Users/antma/Documents/GitHub/Stoopid-FPS/Stoopid_FPS/Content/Level_1_BuiltData.uasset'
[2017.11.03-01.23.45:243][789]LogSavePackage: Display: Finished SavePackage C:/Users/antma/Documents/GitHub/Stoopid-FPS/Stoopid_FPS/Content/Level_1_BuiltData.uasset
[2017.11.03-01.26.22:297][298]LogTemp: Repeating last play command: Selected Viewport
[2017.11.03-01.26.22:316][298]BlueprintLog: New page: Pre-Play auto-recompile
[2017.11.03-01.26.22:319][298]LogPlayLevel: [PlayLevel] Compiling BP_ShooterManController before play...
[2017.11.03-01.26.22:341][298]LogPlayLevel: PlayLevel: Blueprint regeneration took 24 ms (1 blueprints)
[2017.11.03-01.26.22:341][298]PIE: New page: PIE session: Level_1 (Nov 2, 2017, 11:26:22 AM)
[2017.11.03-01.26.22:341][298]LogPlayLevel: Creating play world package: /Game/UEDPIE_0_Level_1
[2017.11.03-01.26.22:443][298]LogPlayLevel: PIE: StaticDuplicateObject took: (0.102413s)
[2017.11.03-01.26.22:444][298]LogAIModule: Creating AISystem for world Level_1
[2017.11.03-01.26.22:445][298]LogPlayLevel: PIE: World Init took: (0.001032s)
[2017.11.03-01.26.22:445][298]LogPlayLevel: PIE: Created PIE world by copying editor world from /Game/Level_1.Level_1 to /Game/UEDPIE_0_Level_1.Level_1 (0.103763s)
[2017.11.03-01.26.22:465][298]LogInit: XAudio2 using 'Speakers (Realtek High Definition Audio)' : 2 channels at 48 kHz using 32 bits per sample (channel mask 0x3)
[2017.11.03-01.26.22:468][298]LogInit: FAudioDevice initialized.
[2017.11.03-01.26.22:502][298]LogLoad: Game class is 'GameModeBase'
[2017.11.03-01.26.22:504][298]LogWorld: Bringing World /Game/UEDPIE_0_Level_1.Level_1 up for play (max tick rate 0) at 2017.11.02-18.26.22
[2017.11.03-01.26.22:585][298]LogWorld: Bringing up level for play took: 0.082413
[2017.11.03-01.26.22:602][298]PIE: Play in editor start time for /Game/UEDPIE_0_Level_1 0.428
[2017.11.03-01.32.02:132][904]LogSlate: Warning: Prevented a slow task dialog from being summoned while a context menu was open
[2017.11.03-01.32.16:584][624]BlueprintLog: New page: Compile BP_StoopidFPS_Gamemode
[2017.11.03-01.32.16:621][624]LogBlueprint: Error: [Compiler BP_StoopidFPS_Gamemode] The current value of the ' Spawn Transform ' pin is invalid: 'Spawn Transform' must have an input wired into it ("by ref" params expect a valid input to operate on).
[2017.11.03-01.32.16:621][624]LogBlueprint: Error: [Compiler BP_StoopidFPS_Gamemode] The current value of the ' Spawn Transform ' pin is invalid: 'Spawn Transform' must have an input wired into it ("by ref" params expect a valid input to operate on).
[2017.11.03-01.32.16:763][624]LogBlueprint: Warning: [Compiler BP_StoopidFPS_Gamemode] [2748.74] Compile of BP_StoopidFPS_Gamemode failed. 2 Fatal Issue(s) 0 Warning(s) [in 178 ms] (/Game/Blueprints/BP_StoopidFPS_Gamemode.BP_StoopidFPS_Gamemode)
[2017.11.03-01.32.46:151][108]BlueprintLog: New page: Compile BP_StoopidFPS_Gamemode
[2017.11.03-01.32.46:613][150]Cmd: OBJ SAVEPACKAGE PACKAGE="/Game/Blueprints/BP_StoopidFPS_Gamemode" FILE="C:/Users/antma/Documents/GitHub/Stoopid-FPS/Stoopid_FPS/Content/Blueprints/BP_StoopidFPS_Gamemode.uasset" SILENT=true
[2017.11.03-01.32.46:632][150]LogSavePackage: Save=10.76ms
[2017.11.03-01.32.46:632][150]LogSavePackage: Moving 'C:/Users/antma/Documents/GitHub/Stoopid-FPS/Stoopid_FPS/Saved/BP_StoopidFPS_GamemodeD5010A7F43E18EFC49D401B3A5E5CD96.tmp' to 'C:/Users/antma/Documents/GitHub/Stoopid-FPS/Stoopid_FPS/Content/Blueprints/BP_StoopidFPS_Gamemode.uasset'
[2017.11.03-01.32.46:651][150]LogSavePackage: Display: Finished SavePackage C:/Users/antma/Documents/GitHub/Stoopid-FPS/Stoopid_FPS/Content/Blueprints/BP_StoopidFPS_Gamemode.uasset
[2017.11.03-01.32.50:399][591]Cmd: OBJ SAVEPACKAGE PACKAGE="/Game/Level_1" FILE="C:/Users/antma/Documents/GitHub/Stoopid-FPS/Stoopid_FPS/Content/Level_1.umap" SILENT=true AUTOSAVING=false KEEPDIRTY=false
[2017.11.03-01.32.50:541][591]LogSavePackage: Save=107.53ms
[2017.11.03-01.32.50:541][591]LogSavePackage: Moving 'C:/Users/antma/Documents/GitHub/Stoopid-FPS/Stoopid_FPS/Saved/Level_14B3F0909425D5441EF1FFCB6556F5742.tmp' to 'C:/Users/antma/Documents/GitHub/Stoopid-FPS/Stoopid_FPS/Content/Level_1.umap'
[2017.11.03-01.32.50:543][591]LogSavePackage: Display: Finished SavePackage C:/Users/antma/Documents/GitHub/Stoopid-FPS/Stoopid_FPS/Content/Level_1.umap
[2017.11.03-01.32.50:566][591]Cmd: OBJ SAVEPACKAGE PACKAGE="/Game/Level_1_BuiltData" FILE="C:/Users/antma/Documents/GitHub/Stoopid-FPS/Stoopid_FPS/Content/Level_1_BuiltData.uasset" SILENT=true
[2017.11.03-01.32.50:636][591]LogSavePackage: Save=58.65ms
[2017.11.03-01.32.50:636][591]LogSavePackage: Moving 'C:/Users/antma/Documents/GitHub/Stoopid-FPS/Stoopid_FPS/Saved/Level_1_BuiltDataE94AC4184D38152E2754DDBCFB241A32.tmp' to 'C:/Users/antma/Documents/GitHub/Stoopid-FPS/Stoopid_FPS/Content/Level_1_BuiltData.uasset'
[2017.11.03-01.32.50:639][591]LogSavePackage: Display: Finished SavePackage C:/Users/antma/Documents/GitHub/Stoopid-FPS/Stoopid_FPS/Content/Level_1_BuiltData.uasset
[2017.11.03-01.34.05:986][435]LogSlate: Warning: Prevented a slow task dialog from being summoned while a context menu was open
[2017.11.03-01.35.19:915][  6]Cmd: OBJ SAVEPACKAGE PACKAGE="/Game/Level_1" FILE="C:/Users/antma/Documents/GitHub/Stoopid-FPS/Stoopid_FPS/Content/Level_1.umap" SILENT=true AUTOSAVING=false KEEPDIRTY=false
[2017.11.03-01.35.20:042][  6]LogSavePackage: Save=106.43ms
[2017.11.03-01.35.20:042][  6]LogSavePackage: Moving 'C:/Users/antma/Documents/GitHub/Stoopid-FPS/Stoopid_FPS/Saved/Level_15422A9F6490C693F59324D94B7A4B4FF.tmp' to 'C:/Users/antma/Documents/GitHub/Stoopid-FPS/Stoopid_FPS/Content/Level_1.umap'
[2017.11.03-01.35.20:045][  6]LogSavePackage: Display: Finished SavePackage C:/Users/antma/Documents/GitHub/Stoopid-FPS/Stoopid_FPS/Content/Level_1.umap
[2017.11.03-01.35.20:067][  6]Cmd: OBJ SAVEPACKAGE PACKAGE="/Game/Level_1_BuiltData" FILE="C:/Users/antma/Documents/GitHub/Stoopid-FPS/Stoopid_FPS/Content/Level_1_BuiltData.uasset" SILENT=true
[2017.11.03-01.35.20:129][  6]LogSavePackage: Save=59.61ms
[2017.11.03-01.35.20:129][  6]LogSavePackage: Moving 'C:/Users/antma/Documents/GitHub/Stoopid-FPS/Stoopid_FPS/Saved/Level_1_BuiltData642521014C2577D3BB5734995D208FD5.tmp' to 'C:/Users/antma/Documents/GitHub/Stoopid-FPS/Stoopid_FPS/Content/Level_1_BuiltData.uasset'
[2017.11.03-01.35.20:132][  6]LogSavePackage: Display: Finished SavePackage C:/Users/antma/Documents/GitHub/Stoopid-FPS/Stoopid_FPS/Content/Level_1_BuiltData.uasset
[2017.11.03-01.35.23:140][158]Cmd: OBJ SAVEPACKAGE PACKAGE="/Game/Blueprints/BP_ShooterManController" FILE="C:/Users/antma/Documents/GitHub/Stoopid-FPS/Stoopid_FPS/Content/Blueprints/BP_ShooterManController.uasset" SILENT=true
[2017.11.03-01.35.23:166][158]LogSavePackage: Save=17.95ms
[2017.11.03-01.35.23:166][158]LogSavePackage: Moving 'C:/Users/antma/Documents/GitHub/Stoopid-FPS/Stoopid_FPS/Saved/BP_ShooterManControllerFD1D3BEF448C4A1245452CB3DDBC12F1.tmp' to 'C:/Users/antma/Documents/GitHub/Stoopid-FPS/Stoopid_FPS/Content/Blueprints/BP_ShooterManController.uasset'
[2017.11.03-01.35.23:169][158]LogSavePackage: Display: Finished SavePackage C:/Users/antma/Documents/GitHub/Stoopid-FPS/Stoopid_FPS/Content/Blueprints/BP_ShooterManController.uasset
[2017.11.03-01.35.23:845][159]Cmd: QUIT_EDITOR
[2017.11.03-01.35.24:667][159]LogWindowsTextInputMethodSystem: Display: IME system now deactivated.
[2017.11.03-01.35.24:734][159]LogExit: Preparing to exit.
[2017.11.03-01.35.25:959][159]LogExit: Editor shut down
[2017.11.03-01.35.25:963][159]LogExit: Transaction tracking system shut down
[2017.11.03-01.35.26:110][159]LogDirectoryWatcher: A directory notification for '../../../Engine/Content/' was aborted.
[2017.11.03-01.35.26:110][159]LogDirectoryWatcher: A directory notification for 'C:/Users/antma/Documents/GitHub/Stoopid-FPS/Stoopid_FPS/Content/' was aborted.
[2017.11.03-01.35.26:110][159]LogDirectoryWatcher: A directory notification for '../../../Engine/Plugins/2D/Paper2D/Content/' was aborted.
[2017.11.03-01.35.26:110][159]LogDirectoryWatcher: A directory notification for '../../../Engine/Plugins/Media/MediaCompositing/Content/' was aborted.
[2017.11.03-01.35.26:110][159]LogDirectoryWatcher: A directory notification for '../../../Engine/Plugins/Runtime/AppleARKit/Content/' was aborted.
[2017.11.03-01.35.26:110][159]LogDirectoryWatcher: A directory notification for '../../../Engine/Plugins/Runtime/Oculus/OculusVR/Content/' was aborted.
[2017.11.03-01.35.26:110][159]LogDirectoryWatcher: A directory notification for '../../../Engine/Plugins/Runtime/Steam/SteamVR/Content/' was aborted.
[2017.11.03-01.35.27:118][159]LogExit: Object subsystem successfully closed.
[2017.11.03-01.35.27:281][159]LogD3D11RHI: Shutdown
[2017.11.03-01.35.27:291][159]LogD3D11RHI: CleanupD3DDevice
[2017.11.03-01.35.27:308][159]LogD3D11RHI: ~FD3D11DynamicRHI
[2017.11.03-01.35.28:200][159]LogModuleManager: Shutting down and abandoning module ExternalImagePicker (558)
[2017.11.03-01.35.28:200][159]LogModuleManager: Shutting down and abandoning module MovieSceneCapture (556)
[2017.11.03-01.35.28:200][159]LogModuleManager: Shutting down and abandoning module BlueprintGraph (554)
[2017.11.03-01.35.28:200][159]LogModuleManager: Shutting down and abandoning module HierarchicalLODOutliner (552)
[2017.11.03-01.35.28:200][159]LogModuleManager: Shutting down and abandoning module DesktopPlatform (550)
[2017.11.03-01.35.28:219][159]LogModuleManager: Shutting down and abandoning module SceneOutliner (548)
[2017.11.03-01.35.28:219][159]LogModuleManager: Shutting down and abandoning module AddContentDialog (546)
[2017.11.03-01.35.28:229][159]LogDirectoryWatcher: A directory notification for 'A:/Unreal Engine Things/UE_4.18/FeaturePacks/' was aborted.
[2017.11.03-01.35.28:238][159]LogModuleManager: Shutting down and abandoning module WidgetCarousel (545)
[2017.11.03-01.35.28:238][159]LogModuleManager: Shutting down and abandoning module EditorWidgets (542)
[2017.11.03-01.35.28:238][159]LogModuleManager: Shutting down and abandoning module CollectionManager (540)
[2017.11.03-01.35.28:259][159]LogDirectoryWatcher: A directory notification for 'C:/Users/antma/Documents/GitHub/Stoopid-FPS/Stoopid_FPS/Content/Collections/' was aborted.
[2017.11.03-01.35.28:259][159]LogDirectoryWatcher: A directory notification for 'C:/Users/antma/Documents/GitHub/Stoopid-FPS/Stoopid_FPS/Content/Developers/antma/Collections/' was aborted.
[2017.11.03-01.35.28:259][159]LogDirectoryWatcher: A directory notification for 'C:/Users/antma/Documents/GitHub/Stoopid-FPS/Stoopid_FPS/Saved/Collections/' was aborted.
[2017.11.03-01.35.28:259][159]LogModuleManager: Shutting down and abandoning module HierarchicalLODUtilities (538)
[2017.11.03-01.35.28:259][159]LogModuleManager: Shutting down and abandoning module StatsViewer (536)
[2017.11.03-01.35.28:276][159]LogModuleManager: Shutting down and abandoning module FoliageEdit (534)
[2017.11.03-01.35.28:276][159]LogModuleManager: Shutting down and abandoning module LandscapeEditor (532)
[2017.11.03-01.35.28:289][159]LogModuleManager: Shutting down and abandoning module MeshPaintMode (530)
[2017.11.03-01.35.28:289][159]LogModuleManager: Shutting down and abandoning module SceneDepthPickerMode (528)
[2017.11.03-01.35.28:289][159]LogModuleManager: Shutting down and abandoning module ActorPickerMode (526)
[2017.11.03-01.35.28:289][159]LogModuleManager: Shutting down and abandoning module GeometryMode (524)
[2017.11.03-01.35.28:289][159]LogModuleManager: Shutting down and abandoning module TextureAlignMode (522)
[2017.11.03-01.35.28:289][159]LogModuleManager: Shutting down and abandoning module BspMode (520)
[2017.11.03-01.35.28:289][159]LogModuleManager: Shutting down and abandoning module PIEPreviewDeviceProfileSelector (518)
[2017.11.03-01.35.28:290][159]LogModuleManager: Shutting down and abandoning module HardwareSurvey (516)
[2017.11.03-01.35.28:290][159]LogModuleManager: Shutting down and abandoning module SequenceRecorderSections (514)
[2017.11.03-01.35.28:290][159]LogModuleManager: Shutting down and abandoning module AutomationWorker (512)
[2017.11.03-01.35.28:310][159]LogModuleManager: Shutting down and abandoning module MatineeToLevelSequence (510)
[2017.11.03-01.35.28:320][159]LogModuleManager: Shutting down and abandoning module LevelSequenceEditor (508)
[2017.11.03-01.35.28:328][159]LogModuleManager: Shutting down and abandoning module PlacementMode (507)
[2017.11.03-01.35.28:329][159]LogModuleManager: Shutting down and abandoning module WmfMediaFactory (504)
[2017.11.03-01.35.28:329][159]LogModuleManager: Shutting down and abandoning module WmfMediaEditor (502)
[2017.11.03-01.35.28:329][159]LogModuleManager: Shutting down and abandoning module OpenExrWrapper (500)
[2017.11.03-01.35.28:329][159]LogModuleManager: Shutting down and abandoning module ImgMediaFactory (498)
[2017.11.03-01.35.28:329][159]LogModuleManager: Shutting down and abandoning module ImgMediaEditor (496)
[2017.11.03-01.35.28:329][159]LogModuleManager: Shutting down and abandoning module AvfMediaFactory (494)
[2017.11.03-01.35.28:329][159]LogModuleManager: Shutting down and abandoning module AvfMediaEditor (492)
[2017.11.03-01.35.28:329][159]LogModuleManager: Shutting down and abandoning module AndroidMediaFactory (490)
[2017.11.03-01.35.28:329][159]LogModuleManager: Shutting down and abandoning module AndroidMediaEditor (488)
[2017.11.03-01.35.28:329][159]LogModuleManager: Shutting down and abandoning module CharacterAI (486)
[2017.11.03-01.35.28:329][159]LogModuleManager: Shutting down and abandoning module AudioCapture (484)
[2017.11.03-01.35.28:348][159]LogModuleManager: Shutting down and abandoning module SequenceRecorder (483)
[2017.11.03-01.35.28:365][159]LogModuleManager: Shutting down and abandoning module SmartSnapping (480)
[2017.11.03-01.35.28:365][159]LogModuleManager: Shutting down and abandoning module SessionServices (478)
[2017.11.03-01.35.28:365][159]LogModuleManager: Shutting down and abandoning module ViewportSnapping (476)
[2017.11.03-01.35.28:365][159]LogModuleManager: Shutting down and abandoning module ViewportInteraction (474)
[2017.11.03-01.35.28:365][159]LogModuleManager: Shutting down and abandoning module ClothPainter (472)
[2017.11.03-01.35.28:391][159]LogModuleManager: Shutting down and abandoning module SkeletalMeshEditor (471)
[2017.11.03-01.35.28:392][159]LogModuleManager: Shutting down and abandoning module LogVisualizer (468)
[2017.11.03-01.35.28:393][159]LogModuleManager: Shutting down and abandoning module IntroTutorials (466)
[2017.11.03-01.35.28:449][159]LogModuleManager: Shutting down and abandoning module GameProjectGeneration (465)
[2017.11.03-01.35.28:462][159]LogModuleManager: Shutting down and abandoning module IOSPlatformEditor (462)
[2017.11.03-01.35.28:463][159]LogModuleManager: Shutting down and abandoning module HTML5PlatformEditor (460)
[2017.11.03-01.35.28:463][159]LogModuleManager: Shutting down and abandoning module AndroidPlatformEditor (458)
[2017.11.03-01.35.28:463][159]LogModuleManager: Shutting down and abandoning module AndroidDeviceDetection (457)
[2017.11.03-01.35.28:592][159]LogModuleManager: Shutting down and abandoning module WindowsPlatformEditor (454)
[2017.11.03-01.35.28:592][159]LogModuleManager: Shutting down and abandoning module IOSRuntimeSettings (452)
[2017.11.03-01.35.28:592][159]LogModuleManager: Shutting down and abandoning module AndroidRuntimeSettings (450)
[2017.11.03-01.35.28:592][159]LogModuleManager: Shutting down and abandoning module InputBindingEditor (448)
[2017.11.03-01.35.28:597][159]LogModuleManager: Shutting down and abandoning module MergeActors (446)
[2017.11.03-01.35.28:604][159]LogModuleManager: Shutting down and abandoning module SizeMap (444)
[2017.11.03-01.35.28:604][159]LogModuleManager: Shutting down and abandoning module TreeMap (442)
[2017.11.03-01.35.28:635][159]LogModuleManager: Shutting down and abandoning module ReferenceViewer (440)
[2017.11.03-01.35.28:635][159]LogModuleManager: Shutting down and abandoning module LocalizationDashboard (438)
[2017.11.03-01.35.28:644][159]LogModuleManager: Shutting down and abandoning module LocalizationService (437)
[2017.11.03-01.35.28:648][159]LogModuleManager: Shutting down and abandoning module HardwareTargeting (434)
[2017.11.03-01.35.28:648][159]LogModuleManager: Shutting down and abandoning module DeviceProfileEditor (432)
[2017.11.03-01.35.28:648][159]LogModuleManager: Shutting down and abandoning module UndoHistory (430)
[2017.11.03-01.35.28:648][159]LogModuleManager: Shutting down and abandoning module XmlParser (428)
[2017.11.03-01.35.28:648][159]LogModuleManager: Shutting down and abandoning module Blutility (426)
[2017.11.03-01.35.28:648][159]LogModuleManager: Shutting down and abandoning module ProjectSettingsViewer (424)
[2017.11.03-01.35.28:648][159]LogModuleManager: Shutting down and abandoning module ProjectTargetPlatformEditor (423)
[2017.11.03-01.35.28:648][159]LogModuleManager: Shutting down and abandoning module EditorSettingsViewer (420)
[2017.11.03-01.35.28:648][159]LogModuleManager: Shutting down and abandoning module SettingsEditor (418)
[2017.11.03-01.35.28:648][159]LogModuleManager: Shutting down and abandoning module ProjectLauncher (416)
[2017.11.03-01.35.28:656][159]LogModuleManager: Shutting down and abandoning module SessionFrontend (414)
[2017.11.03-01.35.28:679][159]LogModuleManager: Shutting down and abandoning module ProfilerClient (412)
[2017.11.03-01.35.28:679][159]LogModuleManager: Shutting down and abandoning module DeviceManager (410)
[2017.11.03-01.35.28:696][159]LogModuleManager: Shutting down and abandoning module TargetDeviceServices (409)
[2017.11.03-01.35.28:762][159]LogModuleManager: Shutting down and abandoning module AutomationController (406)
[2017.11.03-01.35.28:771][159]LogModuleManager: Shutting down and abandoning module AutomationWindow (404)
[2017.11.03-01.35.28:789][159]LogModuleManager: Shutting down and abandoning module Layers (402)
[2017.11.03-01.35.28:808][159]LogModuleManager: Shutting down and abandoning module ComponentVisualizers (400)
[2017.11.03-01.35.28:808][159]LogModuleManager: Shutting down and abandoning module DetailCustomizations (398)
[2017.11.03-01.35.28:808][159]LogModuleManager: Shutting down and abandoning module PackagesDialog (396)
[2017.11.03-01.35.28:808][159]LogModuleManager: Shutting down and abandoning module Persona (394)
[2017.11.03-01.35.28:828][159]LogModuleManager: Shutting down and abandoning module AdvancedPreviewScene (393)
[2017.11.03-01.35.28:828][159]LogModuleManager: Shutting down and abandoning module AnimGraph (391)
[2017.11.03-01.35.28:828][159]LogModuleManager: Shutting down and abandoning module Kismet (388)
[2017.11.03-01.35.28:847][159]LogModuleManager: Shutting down and abandoning module ClassViewer (386)
[2017.11.03-01.35.28:848][159]LogModuleManager: Shutting down and abandoning module Toolbox (384)
[2017.11.03-01.35.28:848][159]LogModuleManager: Shutting down and abandoning module ModuleUI (382)
[2017.11.03-01.35.28:868][159]LogModuleManager: Shutting down and abandoning module MovieSceneTools (380)
[2017.11.03-01.35.28:886][159]LogModuleManager: Shutting down and abandoning module OutputLog (378)
[2017.11.03-01.35.28:897][159]LogModuleManager: Shutting down and abandoning module GammaUI (376)
[2017.11.03-01.35.28:907][159]LogModuleManager: Shutting down and abandoning module Documentation (374)
[2017.11.03-01.35.28:907][159]LogModuleManager: Shutting down and abandoning module MovieSceneTracks (372)
[2017.11.03-01.35.28:907][159]LogModuleManager: Shutting down and abandoning module MovieScene (370)
[2017.11.03-01.35.28:907][159]LogModuleManager: Shutting down and abandoning module StreamingPauseRendering (368)
[2017.11.03-01.35.28:907][159]LogModuleManager: Shutting down and abandoning module LauncherPlatform (366)
[2017.11.03-01.35.28:907][159]LogModuleManager: Shutting down and abandoning module AnalyticsET (364)
[2017.11.03-01.35.28:907][159]LogModuleManager: Shutting down and abandoning module PortalServices (362)
[2017.11.03-01.35.28:907][159]LogModuleManager: Shutting down and abandoning module PortalRpc (360)
[2017.11.03-01.35.28:907][159]LogModuleManager: Shutting down and abandoning module MessagingRpc (358)
[2017.11.03-01.35.28:907][159]LogModuleManager: Shutting down and abandoning module AIModule (356)
[2017.11.03-01.35.28:919][159]LogModuleManager: Shutting down and abandoning module GameplayDebugger (355)
[2017.11.03-01.35.28:919][159]LogModuleManager: Shutting down and abandoning module AITestSuite (353)
[2017.11.03-01.35.28:934][159]LogModuleManager: Shutting down and abandoning module ProfilerService (350)
[2017.11.03-01.35.29:152][159]LogModuleManager: Shutting down and abandoning module TaskGraph (348)
[2017.11.03-01.35.29:177][159]LogModuleManager: Shutting down and abandoning module SteamVRController (346)
[2017.11.03-01.35.29:177][159]LogModuleManager: Shutting down and abandoning module ProceduralMeshComponentEditor (344)
[2017.11.03-01.35.29:177][159]LogModuleManager: Shutting down and abandoning module ProceduralMeshComponent (342)
[2017.11.03-01.35.29:177][159]LogModuleManager: Shutting down and abandoning module OculusInput (340)
[2017.11.03-01.35.29:177][159]LogModuleManager: Shutting down and abandoning module MobilePatchingUtils (338)
[2017.11.03-01.35.29:177][159]LogModuleManager: Shutting down and abandoning module CustomMeshComponent (336)
[2017.11.03-01.35.29:177][159]LogModuleManager: Shutting down and abandoning module CableComponent (334)
[2017.11.03-01.35.29:177][159]LogModuleManager: Shutting down and abandoning module ArchVisCharacter (332)
[2017.11.03-01.35.29:177][159]LogModuleManager: Shutting down and abandoning module AndroidPermission (330)
[2017.11.03-01.35.29:177][159]LogModuleManager: Shutting down and abandoning module ActorSequence (326)
[2017.11.03-01.35.29:177][159]LogModuleManager: Shutting down and abandoning module MediaPlayerEditor (324)
[2017.11.03-01.35.29:207][159]LogModuleManager: Shutting down and abandoning module MediaCompositingEditor (322)
[2017.11.03-01.35.29:207][159]LogModuleManager: Shutting down and abandoning module MediaCompositing (320)
[2017.11.03-01.35.29:207][159]LogModuleManager: Shutting down and abandoning module HTML5Networking (318)
[2017.11.03-01.35.29:207][159]LogModuleManager: Shutting down and abandoning module AlembicImporter (316)
[2017.11.03-01.35.29:228][159]LogModuleManager: Shutting down and abandoning module AlembicLibrary (315)
[2017.11.03-01.35.29:228][159]LogModuleManager: Shutting down and abandoning module GeometryCache (314)
[2017.11.03-01.35.29:247][159]LogModuleManager: Shutting down and abandoning module GeometryCacheEd (313)
[2017.11.03-01.35.29:247][159]LogModuleManager: Shutting down and abandoning module SpeedTreeImporter (308)
[2017.11.03-01.35.29:247][159]LogModuleManager: Shutting down and abandoning module PluginBrowser (306)
[2017.11.03-01.35.29:287][159]LogModuleManager: Shutting down and abandoning module MobileLauncherProfileWizard (304)
[2017.11.03-01.35.29:302][159]LogModuleManager: Shutting down and abandoning module VisualStudioSourceCodeAccess (302)
[2017.11.03-01.35.29:302][159]LogModuleManager: Shutting down and abandoning module VisualStudioCodeSourceCodeAccess (300)
[2017.11.03-01.35.29:302][159]LogModuleManager: Shutting down and abandoning module UObjectPlugin (298)
[2017.11.03-01.35.29:302][159]LogModuleManager: Shutting down and abandoning module SubversionSourceControl (296)
[2017.11.03-01.35.29:324][159]LogModuleManager: Shutting down and abandoning module PerforceSourceControl (294)
[2017.11.03-01.35.29:338][159]LogModuleManager: Shutting down and abandoning module GitSourceControl (292)
[2017.11.03-01.35.29:354][159]LogModuleManager: Shutting down and abandoning module SourceControl (291)
[2017.11.03-01.35.29:388][159]LogModuleManager: Shutting down and abandoning module LightPropagationVolumeEditor (288)
[2017.11.03-01.35.29:388][159]LogModuleManager: Shutting down and abandoning module PaperTiledImporter (286)
[2017.11.03-01.35.29:388][159]LogModuleManager: Shutting down and abandoning module PaperSpriteSheetImporter (284)
[2017.11.03-01.35.29:388][159]LogModuleManager: Shutting down and abandoning module Paper2DEditor (282)
[2017.11.03-01.35.29:416][159]LogModuleManager: Shutting down and abandoning module MeshPaint (281)
[2017.11.03-01.35.29:436][159]LogModuleManager: Shutting down and abandoning module LevelEditor (279)
[2017.11.03-01.35.29:437][159]LogModuleManager: Shutting down and abandoning module PixelInspectorModule (278)
[2017.11.03-01.35.29:454][159]LogModuleManager: Shutting down and abandoning module MainFrame (276)
[2017.11.03-01.35.29:454][159]LogModuleManager: Shutting down and abandoning module HotReload (275)
[2017.11.03-01.35.29:474][159]LogDirectoryWatcher: A directory notification for 'C:/Users/antma/Documents/GitHub/Stoopid-FPS/Stoopid_FPS/Binaries/Win64' was aborted.
[2017.11.03-01.35.29:481][159]LogModuleManager: Shutting down and abandoning module Stoopid_FPS (270)
[2017.11.03-01.35.29:481][159]LogModuleManager: Shutting down and abandoning module RuntimePhysXCooking (268)
[2017.11.03-01.35.29:481][159]LogModuleManager: Shutting down and abandoning module PhysXVehiclesEditor (266)
[2017.11.03-01.35.29:481][159]LogModuleManager: Shutting down and abandoning module PhysXVehicles (264)
[2017.11.03-01.35.29:481][159]LogModuleManager: Shutting down and abandoning module OculusEditor (262)
[2017.11.03-01.35.29:481][159]LogModuleManager: Shutting down and abandoning module LocationServicesBPLibrary (260)
[2017.11.03-01.35.29:481][159]LogModuleManager: Shutting down and abandoning module ImmediatePhysicsEditor (258)
[2017.11.03-01.35.29:481][159]LogModuleManager: Shutting down and abandoning module ImmediatePhysics (256)
[2017.11.03-01.35.29:489][159]LogModuleManager: Shutting down and abandoning module UdpMessaging (254)
[2017.11.03-01.35.29:603][159]LogModuleManager: Shutting down and abandoning module TcpMessaging (252)
[2017.11.03-01.35.29:720][159]LogModuleManager: Shutting down and abandoning module GameplayTagsEditor (250)
[2017.11.03-01.35.29:739][159]LogModuleManager: Shutting down and abandoning module FacialAnimationEditor (248)
[2017.11.03-01.35.29:739][159]LogModuleManager: Shutting down and abandoning module FacialAnimation (246)
[2017.11.03-01.35.29:739][159]LogModuleManager: Shutting down and abandoning module AssetManagerEditor (244)
[2017.11.03-01.35.29:762][159]LogModuleManager: Shutting down and abandoning module GraphEditor (243)
[2017.11.03-01.35.29:762][159]LogModuleManager: Shutting down and abandoning module ContentBrowser (241)
[2017.11.03-01.35.29:763][159]LogModuleManager: Shutting down and abandoning module LightPropagationVolumeRuntime (238)
[2017.11.03-01.35.29:763][159]LogModuleManager: Shutting down and abandoning module Paper2D (236)
[2017.11.03-01.35.29:763][159]LogModuleManager: Shutting down and abandoning module WindowsMoviePlayer (234)
[2017.11.03-01.35.29:763][159]LogModuleManager: Shutting down and abandoning module WmfMedia (232)
[2017.11.03-01.35.29:770][159]LogModuleManager: Shutting down and abandoning module ImgMedia (230)
[2017.11.03-01.35.29:770][159]LogModuleManager: Shutting down and abandoning module PacketHandler (228)
[2017.11.03-01.35.29:770][159]LogModuleManager: Shutting down and abandoning module ClothingSystemEditor (226)
[2017.11.03-01.35.29:770][159]LogModuleManager: Shutting down and abandoning module ClothingSystemRuntime (224)
[2017.11.03-01.35.29:799][159]LogModuleManager: Shutting down and abandoning module MediaAssets (222)
[2017.11.03-01.35.29:799][159]LogModuleManager: Shutting down and abandoning module Media (221)
[2017.11.03-01.35.29:805][159]LogModuleManager: Shutting down and abandoning module Overlay (218)
[2017.11.03-01.35.29:805][159]LogModuleManager: Shutting down and abandoning module OverlayEditor (217)
[2017.11.03-01.35.29:805][159]LogModuleManager: Shutting down and abandoning module VREditor (214)
[2017.11.03-01.35.29:828][159]LogModuleManager: Shutting down and abandoning module StringTableEditor (212)
[2017.11.03-01.35.29:839][159]LogModuleManager: Shutting down and abandoning module GameplayTasksEditor (210)
[2017.11.03-01.35.29:839][159]LogModuleManager: Shutting down and abandoning module BehaviorTreeEditor (208)
[2017.11.03-01.35.29:859][159]LogModuleManager: Shutting down and abandoning module FunctionalTesting (206)
[2017.11.03-01.35.29:867][159]LogModuleManager: Shutting down and abandoning module CollisionAnalyzer (204)
[2017.11.03-01.35.29:902][159]LogModuleManager: Shutting down and abandoning module WorkspaceMenuStructure (203)
[2017.11.03-01.35.29:902][159]LogModuleManager: Shutting down and abandoning module UMG (200)
[2017.11.03-01.35.29:922][159]LogModuleManager: Shutting down and abandoning module UMGEditor (199)
[2017.11.03-01.35.29:947][159]LogModuleManager: Shutting down and abandoning module Sequencer (198)
[2017.11.03-01.35.29:973][159]LogModuleManager: Shutting down and abandoning module MessageLog (195)
[2017.11.03-01.35.29:973][159]LogModuleManager: Shutting down and abandoning module SlateReflector (190)
[2017.11.03-01.35.30:001][159]LogModuleManager: Shutting down and abandoning module Slate (188)
[2017.11.03-01.35.30:001][159]LogModuleManager: Shutting down and abandoning module EditorStyle (186)
[2017.11.03-01.35.30:003][159]LogModuleManager: Shutting down and abandoning module MRMesh (184)
[2017.11.03-01.35.30:003][159]LogModuleManager: Shutting down and abandoning module SourceCodeAccess (182)
[2017.11.03-01.35.30:003][159]LogModuleManager: Shutting down and abandoning module HeadMountedDisplay (180)
[2017.11.03-01.35.30:003][159]LogModuleManager: Shutting down and abandoning module XAudio2 (178)
[2017.11.03-01.35.30:003][159]LogModuleManager: Shutting down and abandoning module Networking (176)
[2017.11.03-01.35.30:003][159]LogModuleManager: Shutting down and abandoning module Core (172)
[2017.11.03-01.35.30:003][159]LogModuleManager: Shutting down and abandoning module LevelSequence (168)
[2017.11.03-01.35.30:009][159]LogModuleManager: Shutting down and abandoning module DirectoryWatcher (166)
[2017.11.03-01.35.30:010][159]LogModuleManager: Shutting down and abandoning module KismetCompiler (164)
[2017.11.03-01.35.30:010][159]LogModuleManager: Shutting down and abandoning module MeshUtilities (162)
[2017.11.03-01.35.30:022][159]LogModuleManager: Shutting down and abandoning module MeshMergeUtilities (161)
[2017.11.03-01.35.30:028][159]LogModuleManager: Shutting down and abandoning module MeshReductionInterface (160)
[2017.11.03-01.35.30:028][159]LogModuleManager: Shutting down and abandoning module SimplygonSwarm (159)
[2017.11.03-01.35.30:048][159]LogModuleManager: Shutting down and abandoning module SimplygonMeshReduction (157)
[2017.11.03-01.35.30:048][159]LogModuleManager: Shutting down and abandoning module QuadricMeshReduction (155)
[2017.11.03-01.35.30:048][159]LogModuleManager: Shutting down and abandoning module MaterialBaking (151)
[2017.11.03-01.35.30:070][159]LogModuleManager: Shutting down and abandoning module DerivedDataCache (148)
[2017.11.03-01.35.30:098][159]LogDerivedDataCache: Shutdown
[2017.11.03-01.35.30:098][159]LogModuleManager: Shutting down and abandoning module TargetPlatform (146)
[2017.11.03-01.35.30:098][159]LogModuleManager: Shutting down and abandoning module VulkanShaderFormat (145)
[2017.11.03-01.35.30:108][159]LogModuleManager: Shutting down and abandoning module ShaderFormatVectorVM (143)
[2017.11.03-01.35.30:123][159]LogModuleManager: Shutting down and abandoning module ShaderFormatOpenGL (141)
[2017.11.03-01.35.30:133][159]LogModuleManager: Shutting down and abandoning module ShaderFormatD3D (139)
[2017.11.03-01.35.30:133][159]LogModuleManager: Shutting down and abandoning module MetalShaderFormat (137)
[2017.11.03-01.35.30:157][159]LogModuleManager: Shutting down and abandoning module TextureFormatUncompressed (135)
[2017.11.03-01.35.30:157][159]LogModuleManager: Shutting down and abandoning module TextureFormatPVR (133)
[2017.11.03-01.35.30:157][159]LogModuleManager: Shutting down and abandoning module TextureFormatDXT (131)
[2017.11.03-01.35.30:157][159]LogModuleManager: Shutting down and abandoning module TextureFormatIntelISPCTexComp (129)
[2017.11.03-01.35.30:157][159]LogModuleManager: Shutting down and abandoning module TextureFormatASTC (127)
[2017.11.03-01.35.30:157][159]LogModuleManager: Shutting down and abandoning module ImageWrapper (126)
[2017.11.03-01.35.30:157][159]LogModuleManager: Shutting down and abandoning module TextureFormatAndroid (123)
[2017.11.03-01.35.30:157][159]LogModuleManager: Shutting down and abandoning module AudioFormatOpus (121)
[2017.11.03-01.35.30:157][159]LogModuleManager: Shutting down and abandoning module AudioFormatOgg (119)
[2017.11.03-01.35.30:157][159]LogModuleManager: Shutting down and abandoning module AudioFormatADPCM (117)
[2017.11.03-01.35.30:157][159]LogModuleManager: Shutting down and abandoning module LinuxTargetPlatform (115)
[2017.11.03-01.35.30:157][159]LogModuleManager: Shutting down and abandoning module LinuxServerTargetPlatform (113)
[2017.11.03-01.35.30:157][159]LogModuleManager: Shutting down and abandoning module LinuxNoEditorTargetPlatform (111)
[2017.11.03-01.35.30:157][159]LogModuleManager: Shutting down and abandoning module LinuxClientTargetPlatform (109)
[2017.11.03-01.35.30:157][159]LogModuleManager: Shutting down and abandoning module TVOSTargetPlatform (107)
[2017.11.03-01.35.30:157][159]LogModuleManager: Shutting down and abandoning module Messaging (105)
[2017.11.03-01.35.30:157][159]LogModuleManager: Shutting down and abandoning module IOSTargetPlatform (103)
[2017.11.03-01.35.30:157][159]LogModuleManager: Shutting down and abandoning module HTML5TargetPlatform (101)
[2017.11.03-01.35.30:157][159]LogModuleManager: Shutting down and abandoning module AndroidTargetPlatform (99)
[2017.11.03-01.35.30:157][159]LogModuleManager: Shutting down and abandoning module Android_PVRTCTargetPlatform (97)
[2017.11.03-01.35.30:157][159]LogModuleManager: Shutting down and abandoning module Android_MultiTargetPlatform (95)
[2017.11.03-01.35.30:157][159]LogModuleManager: Shutting down and abandoning module Android_ETC2TargetPlatform (93)
[2017.11.03-01.35.30:157][159]LogModuleManager: Shutting down and abandoning module Android_ETC1TargetPlatform (91)
[2017.11.03-01.35.30:157][159]LogModuleManager: Shutting down and abandoning module Android_DXTTargetPlatform (89)
[2017.11.03-01.35.30:157][159]LogModuleManager: Shutting down and abandoning module Android_ATCTargetPlatform (87)
[2017.11.03-01.35.30:157][159]LogModuleManager: Shutting down and abandoning module Android_ASTCTargetPlatform (85)
[2017.11.03-01.35.30:157][159]LogModuleManager: Shutting down and abandoning module WindowsTargetPlatform (83)
[2017.11.03-01.35.30:157][159]LogModuleManager: Shutting down and abandoning module WindowsServerTargetPlatform (81)
[2017.11.03-01.35.30:157][159]LogModuleManager: Shutting down and abandoning module WindowsNoEditorTargetPlatform (79)
[2017.11.03-01.35.30:157][159]LogModuleManager: Shutting down and abandoning module WindowsClientTargetPlatform (77)
[2017.11.03-01.35.30:157][159]LogModuleManager: Shutting down and abandoning module MacTargetPlatform (75)
[2017.11.03-01.35.30:157][159]LogModuleManager: Shutting down and abandoning module MacServerTargetPlatform (73)
[2017.11.03-01.35.30:157][159]LogModuleManager: Shutting down and abandoning module MacNoEditorTargetPlatform (71)
[2017.11.03-01.35.30:157][159]LogModuleManager: Shutting down and abandoning module MacClientTargetPlatform (69)
[2017.11.03-01.35.30:157][159]LogModuleManager: Shutting down and abandoning module AllDesktopTargetPlatform (67)
[2017.11.03-01.35.30:157][159]LogModuleManager: Shutting down and abandoning module InputCore (64)
[2017.11.03-01.35.30:157][159]LogModuleManager: Shutting down and abandoning module Settings (62)
[2017.11.03-01.35.30:157][159]LogModuleManager: Shutting down and abandoning module PhysXCooking (60)
[2017.11.03-01.35.30:157][159]LogModuleManager: Shutting down and abandoning module SteamVR (58)
[2017.11.03-01.35.30:157][159]LogModuleManager: Shutting down and abandoning module OculusHMD (56)
[2017.11.03-01.35.30:177][159]LogModuleManager: Shutting down and abandoning module ExampleDeviceProfileSelector (54)
[2017.11.03-01.35.30:177][159]LogModuleManager: Shutting down and abandoning module AppleARKit (52)
[2017.11.03-01.35.30:177][159]LogModuleManager: Shutting down and abandoning module AugmentedReality (51)
[2017.11.03-01.35.30:177][159]LogModuleManager: Shutting down and abandoning module OnlineBlueprintSupport (48)
[2017.11.03-01.35.30:177][159]LogModuleManager: Shutting down and abandoning module OnlineSubsystem (44)
[2017.11.03-01.35.30:201][159]LogModuleManager: Shutting down and abandoning module XMPP (43)
[2017.11.03-01.35.30:207][159]LogModuleManager: Shutting down and abandoning module HTTP (41)
[2017.11.03-01.35.30:207][159]LogHttp: Display: Http module shutting down, but needs to wait on 1 outstanding Http requests:
[2017.11.03-01.35.30:225][159]LogHttp: Display: 	verb=[POST] url=[https://datarouter.ol.epicgames.com/datarouter/api/v1/public/data?SessionID=%7B8A09BE73-4B1B-C229-4840-6297A422417B%7D&AppID=UEEditor.Rocket.Release&AppVersion=4.18.0-3709383%2B%2B%2BUE4%2BRelease-4.18&UserID=520f5a664a9a65cee5908a8fb9436eea%7C69a6443c127b4b76b30856c672c512b8%7Ce6cd1087-9776-45de-91c8-004f73fe86c1&AppEnvironment=datacollector-binary&UploadType=eteventstream] status=Processing
[2017.11.03-01.35.30:253][159]LogModuleManager: Shutting down and abandoning module SSL (40)
[2017.11.03-01.35.30:259][159]LogModuleManager: Shutting down and abandoning module AnimationModifiers (36)
[2017.11.03-01.35.30:273][159]LogModuleManager: Shutting down and abandoning module PropertyEditor (35)
[2017.11.03-01.35.30:273][159]LogModuleManager: Shutting down and abandoning module AudioEditor (32)
[2017.11.03-01.35.30:279][159]LogModuleManager: Shutting down and abandoning module TextureCompressor (30)
[2017.11.03-01.35.30:301][159]LogModuleManager: Shutting down and abandoning module ShaderCore (28)
[2017.11.03-01.35.30:301][159]LogModuleManager: Shutting down and abandoning module Landscape (26)
[2017.11.03-01.35.30:301][159]LogModuleManager: Shutting down and abandoning module SlateRHIRenderer (24)
[2017.11.03-01.35.30:317][159]LogModuleManager: Shutting down and abandoning module OpenGLDrv (22)
[2017.11.03-01.35.30:329][159]LogModuleManager: Shutting down and abandoning module D3D11RHI (20)
[2017.11.03-01.35.30:329][159]LogModuleManager: Shutting down and abandoning module AnimGraphRuntime (18)
[2017.11.03-01.35.30:352][159]LogModuleManager: Shutting down and abandoning module Renderer (16)
[2017.11.03-01.35.30:352][159]LogModuleManager: Shutting down and abandoning module Engine (14)
[2017.11.03-01.35.30:364][159]LogModuleManager: Shutting down and abandoning module CoreUObject (12)
[2017.11.03-01.35.30:364][159]LogModuleManager: Shutting down and abandoning module NetworkFile (10)
[2017.11.03-01.35.30:364][159]LogModuleManager: Shutting down and abandoning module CookedIterativeFile (8)
[2017.11.03-01.35.30:365][159]LogModuleManager: Shutting down and abandoning module StreamingFile (6)
[2017.11.03-01.35.30:365][159]LogModuleManager: Shutting down and abandoning module SandboxFile (4)
[2017.11.03-01.35.30:365][159]LogModuleManager: Shutting down and abandoning module PakFile (2)
[2017.11.03-01.35.30:389][159]LogExit: Exiting.
[2017.11.03-01.35.30:399][159]Log file closed, 11/02/17 18:35:30
